[2026-01-14T06:22:19.243Z] [INFO] 🚀 [Python Bridge] Running ai_hub.py task: health
[2026-01-14T06:22:19.349Z] [INFO] BLACKONN E-Commerce Server Started
Local:    http://localhost:3000
Bound to: 0.0.0.0:3000
External: http://192.168.1.3:3000
API:      http://localhost:3000/api
Health:   http://localhost:3000/api/health
Status:   Running in development mode
[2026-01-14T06:22:19.394Z] [INFO] 󰒄 WebSocket Server initialized and tied to HTTP server
[2026-01-14T06:22:19.543Z] [INFO] 󰚩 AI Engines initialized and healthy
[2026-01-14T06:22:25.703Z] [INFO] 🚀 [Python Bridge] Running ai_hub.py task: health
[2026-01-14T06:22:25.752Z] [INFO] BLACKONN E-Commerce Server Started
Local:    http://localhost:3000
Bound to: 0.0.0.0:3000
External: http://192.168.1.3:3000
API:      http://localhost:3000/api
Health:   http://localhost:3000/api/health
Status:   Running in development mode
[2026-01-14T06:22:25.791Z] [INFO] 󰒄 WebSocket Server initialized and tied to HTTP server
[2026-01-14T06:22:25.866Z] [INFO] 󰚩 AI Engines initialized and healthy
[2026-01-14T06:22:29.339Z] [INFO] 🚀 [Python Bridge] Running ai_hub.py task: health
[2026-01-14T06:22:29.372Z] [INFO] BLACKONN E-Commerce Server Started
Local:    http://localhost:3000
Bound to: 0.0.0.0:3000
External: http://192.168.1.3:3000
API:      http://localhost:3000/api
Health:   http://localhost:3000/api/health
Status:   Running in development mode
[2026-01-14T06:22:29.398Z] [INFO] 󰒄 WebSocket Server initialized and tied to HTTP server
[2026-01-14T06:22:29.445Z] [INFO] 󰚩 AI Engines initialized and healthy
[2026-01-14T06:22:32.136Z] [INFO] 🚀 [Python Bridge] Running ai_hub.py task: health
[2026-01-14T06:22:32.172Z] [INFO] BLACKONN E-Commerce Server Started
Local:    http://localhost:3000
Bound to: 0.0.0.0:3000
External: http://192.168.1.3:3000
API:      http://localhost:3000/api
Health:   http://localhost:3000/api/health
Status:   Running in development mode
[2026-01-14T06:22:32.194Z] [INFO] 󰒄 WebSocket Server initialized and tied to HTTP server
[2026-01-14T06:22:32.242Z] [INFO] 󰚩 AI Engines initialized and healthy
[2026-01-14T06:22:43.091Z] [INFO] 🚀 [Python Bridge] Running ai_hub.py task: analysis/insights
[2026-01-14T06:22:43.370Z] [INFO] 🚀 [Python Bridge] Running ai_hub.py task: security/scan
[2026-01-14T06:22:43.500Z] [INFO] 🚀 [Python Bridge] Running ai_hub.py task: analysis/insights
[2026-01-14T06:22:44.712Z] [INFO] 🚀 [Python Bridge] Running ai_hub.py task: analysis/insights
[2026-01-14T06:22:49.112Z] [INFO] 🚀 [Python Bridge] Running ai_hub.py task: analysis/insights
[2026-01-14T06:22:49.881Z] [INFO] 🚀 [Python Bridge] Running ai_hub.py task: security/scan
[2026-01-14T06:22:49.903Z] [INFO] 🚀 [Python Bridge] Running ai_hub.py task: analysis/insights
[2026-01-14T06:22:50.579Z] [INFO] 🚀 [Python Bridge] Running ai_hub.py task: analysis/insights
[2026-01-14T06:23:02.208Z] [INFO] 🚀 [Python Bridge] Running ai_hub.py task: realtime/metric
[2026-01-14T06:23:19.237Z] [INFO] 🚀 [Python Bridge] Running ai_hub.py task: analysis/insights
[2026-01-14T06:23:19.527Z] [INFO] 🚀 [Python Bridge] Running ai_hub.py task: security/scan
[2026-01-14T06:23:20.023Z] [INFO] 🚀 [Python Bridge] Running ai_hub.py task: analysis/insights
[2026-01-14T06:23:28.900Z] [INFO] 🚀 [Python Bridge] Running ai_hub.py task: health
[2026-01-14T06:23:28.949Z] [INFO] BLACKONN E-Commerce Server Started
Local:    http://localhost:3000
Bound to: 0.0.0.0:3000
External: http://192.168.1.3:3000
API:      http://localhost:3000/api
Health:   http://localhost:3000/api/health
Status:   Running in development mode
[2026-01-14T06:23:28.987Z] [INFO] 󰒄 WebSocket Server initialized and tied to HTTP server
[2026-01-14T06:23:29.066Z] [INFO] 󰚩 AI Engines initialized and healthy
[2026-01-14T06:23:49.288Z] [INFO] 🚀 [Python Bridge] Running ai_hub.py task: analysis/insights
[2026-01-14T06:23:49.545Z] [INFO] 🚀 [Python Bridge] Running ai_hub.py task: security/scan
[2026-01-14T06:23:50.040Z] [INFO] 🚀 [Python Bridge] Running ai_hub.py task: analysis/insights
[2026-01-14T06:23:58.987Z] [INFO] 🚀 [Python Bridge] Running ai_hub.py task: realtime/metric
[2026-01-14T06:24:19.442Z] [INFO] 🚀 [Python Bridge] Running ai_hub.py task: analysis/insights
[2026-01-14T06:24:20.310Z] [INFO] 🚀 [Python Bridge] Running ai_hub.py task: security/scan
[2026-01-14T06:24:21.314Z] [INFO] 🚀 [Python Bridge] Running ai_hub.py task: analysis/insights
[2026-01-14T06:24:29.016Z] [INFO] 🚀 [Python Bridge] Running ai_hub.py task: realtime/metric
[2026-01-14T06:24:39.467Z] [INFO] 🚀 [Python Bridge] Running ai_hub.py task: health
[2026-01-14T06:24:39.517Z] [INFO] BLACKONN E-Commerce Server Started
Local:    http://localhost:3000
Bound to: 0.0.0.0:3000
External: http://192.168.1.3:3000
API:      http://localhost:3000/api
Health:   http://localhost:3000/api/health
Status:   Running in development mode
[2026-01-14T06:24:39.555Z] [INFO] 󰒄 WebSocket Server initialized and tied to HTTP server
[2026-01-14T06:24:39.620Z] [INFO] 󰚩 AI Engines initialized and healthy
[2026-01-14T06:24:47.750Z] [INFO] 🚀 [Python Bridge] Running ai_hub.py task: health
[2026-01-14T06:24:47.826Z] [INFO] BLACKONN E-Commerce Server Started
Local:    http://localhost:3000
Bound to: 0.0.0.0:3000
External: http://192.168.1.3:3000
API:      http://localhost:3000/api
Health:   http://localhost:3000/api/health
Status:   Running in development mode
[2026-01-14T06:24:47.876Z] [INFO] 󰒄 WebSocket Server initialized and tied to HTTP server
[2026-01-14T06:24:47.957Z] [INFO] 󰚩 AI Engines initialized and healthy
[2026-01-14T06:24:49.774Z] [INFO] 🚀 [Python Bridge] Running ai_hub.py task: analysis/insights
[2026-01-14T06:24:50.217Z] [INFO] 🚀 [Python Bridge] Running ai_hub.py task: analysis/insights
[2026-01-14T06:24:50.329Z] [INFO] 🚀 [Python Bridge] Running ai_hub.py task: security/scan
[2026-01-14T06:24:50.376Z] [INFO] 🚀 [Python Bridge] Running ai_hub.py task: analysis/insights
[2026-01-14T06:24:50.964Z] [INFO] 🚀 [Python Bridge] Running ai_hub.py task: analysis/insights
[2026-01-14T06:24:53.395Z] [INFO] 🚀 [Python Bridge] Running ai_hub.py task: analysis/insights
[2026-01-14T06:24:53.768Z] [INFO] 🚀 [Python Bridge] Running ai_hub.py task: security/scan
[2026-01-14T06:24:53.883Z] [INFO] 🚀 [Python Bridge] Running ai_hub.py task: analysis/insights
[2026-01-14T06:24:54.599Z] [INFO] 🚀 [Python Bridge] Running ai_hub.py task: analysis/insights
[2026-01-14T06:25:17.884Z] [INFO] 🚀 [Python Bridge] Running ai_hub.py task: realtime/metric
[2026-01-14T06:25:24.382Z] [INFO] 🚀 [Python Bridge] Running ai_hub.py task: security/scan
[2026-01-14T06:25:24.424Z] [INFO] 🚀 [Python Bridge] Running ai_hub.py task: analysis/insights
[2026-01-14T06:25:24.834Z] [INFO] 🚀 [Python Bridge] Running ai_hub.py task: analysis/insights
[2026-01-14T06:25:40.336Z] [INFO] 🚀 [Python Bridge] Running ai_hub.py task: health
[2026-01-14T06:25:40.392Z] [INFO] BLACKONN E-Commerce Server Started
Local:    http://localhost:3000
Bound to: 0.0.0.0:3000
External: http://192.168.1.3:3000
API:      http://localhost:3000/api
Health:   http://localhost:3000/api/health
Status:   Running in development mode
[2026-01-14T06:25:40.431Z] [INFO] 󰒄 WebSocket Server initialized and tied to HTTP server
[2026-01-14T06:25:40.497Z] [INFO] 󰚩 AI Engines initialized and healthy
[2026-01-14T06:25:43.316Z] [INFO] 🚀 [Python Bridge] Running ai_hub.py task: health
[2026-01-14T06:25:43.398Z] [INFO] BLACKONN E-Commerce Server Started
Local:    http://localhost:3000
Bound to: 0.0.0.0:3000
External: http://192.168.1.3:3000
API:      http://localhost:3000/api
Health:   http://localhost:3000/api/health
Status:   Running in development mode
[2026-01-14T06:25:43.449Z] [INFO] 󰒄 WebSocket Server initialized and tied to HTTP server
[2026-01-14T06:25:43.534Z] [INFO] 󰚩 AI Engines initialized and healthy
[2026-01-14T06:25:45.298Z] [INFO] 🚀 [Python Bridge] Running ai_hub.py task: health
[2026-01-14T06:25:45.359Z] [INFO] BLACKONN E-Commerce Server Started
Local:    http://localhost:3000
Bound to: 0.0.0.0:3000
External: http://192.168.1.3:3000
API:      http://localhost:3000/api
Health:   http://localhost:3000/api/health
Status:   Running in development mode
[2026-01-14T06:25:45.416Z] [INFO] 󰒄 WebSocket Server initialized and tied to HTTP server
[2026-01-14T06:25:45.513Z] [INFO] 󰚩 AI Engines initialized and healthy
[2026-01-14T06:25:53.802Z] [INFO] 🚀 [Python Bridge] Running ai_hub.py task: health
[2026-01-14T06:25:53.853Z] [INFO] BLACKONN E-Commerce Server Started
Local:    http://localhost:3000
Bound to: 0.0.0.0:3000
External: http://192.168.1.3:3000
API:      http://localhost:3000/api
Health:   http://localhost:3000/api/health
Status:   Running in development mode
[2026-01-14T06:25:53.885Z] [INFO] 󰒄 WebSocket Server initialized and tied to HTTP server
[2026-01-14T06:25:53.990Z] [INFO] 󰚩 AI Engines initialized and healthy
[2026-01-14T06:25:54.001Z] [INFO] 🚀 [Python Bridge] Running ai_hub.py task: security/scan
[2026-01-14T06:25:54.249Z] [INFO] 🚀 [Python Bridge] Running ai_hub.py task: analysis/insights
[2026-01-14T06:25:54.367Z] [INFO] 🚀 [Python Bridge] Running ai_hub.py task: analysis/insights
[2026-01-14T06:26:23.501Z] [INFO] 🚀 [Python Bridge] Running ai_hub.py task: analysis/insights
[2026-01-14T06:26:23.694Z] [INFO] 🚀 [Python Bridge] Running ai_hub.py task: security/scan
[2026-01-14T06:26:23.887Z] [INFO] 🚀 [Python Bridge] Running ai_hub.py task: realtime/metric
[2026-01-14T06:26:24.191Z] [INFO] 🚀 [Python Bridge] Running ai_hub.py task: analysis/insights
[2026-01-14T06:26:35.818Z] [INFO] 🚀 [Python Bridge] Running ai_hub.py task: health
[2026-01-14T06:26:35.883Z] [INFO] BLACKONN E-Commerce Server Started
Local:    http://localhost:3000
Bound to: 0.0.0.0:3000
External: http://192.168.1.3:3000
API:      http://localhost:3000/api
Health:   http://localhost:3000/api/health
Status:   Running in development mode
[2026-01-14T06:26:35.934Z] [INFO] 󰒄 WebSocket Server initialized and tied to HTTP server
[2026-01-14T06:26:36.040Z] [INFO] 󰚩 AI Engines initialized and healthy
[2026-01-14T06:26:38.455Z] [INFO] 🚀 [Python Bridge] Running ai_hub.py task: health
[2026-01-14T06:26:38.510Z] [INFO] BLACKONN E-Commerce Server Started
Local:    http://localhost:3000
Bound to: 0.0.0.0:3000
External: http://192.168.1.3:3000
API:      http://localhost:3000/api
Health:   http://localhost:3000/api/health
Status:   Running in development mode
[2026-01-14T06:26:38.563Z] [INFO] 󰒄 WebSocket Server initialized and tied to HTTP server
[2026-01-14T06:26:38.648Z] [INFO] 󰚩 AI Engines initialized and healthy
[2026-01-14T06:26:40.373Z] [INFO] 🚀 [Python Bridge] Running ai_hub.py task: health
[2026-01-14T06:26:40.417Z] [INFO] BLACKONN E-Commerce Server Started
Local:    http://localhost:3000
Bound to: 0.0.0.0:3000
External: http://192.168.1.3:3000
API:      http://localhost:3000/api
Health:   http://localhost:3000/api/health
Status:   Running in development mode
[2026-01-14T06:26:40.451Z] [INFO] 󰒄 WebSocket Server initialized and tied to HTTP server
[2026-01-14T06:26:40.515Z] [INFO] 󰚩 AI Engines initialized and healthy
[2026-01-14T06:26:42.875Z] [INFO] 🚀 [Python Bridge] Running ai_hub.py task: health
[2026-01-14T06:26:42.929Z] [INFO] BLACKONN E-Commerce Server Started
Local:    http://localhost:3000
Bound to: 0.0.0.0:3000
External: http://192.168.1.3:3000
API:      http://localhost:3000/api
Health:   http://localhost:3000/api/health
Status:   Running in development mode
[2026-01-14T06:26:42.972Z] [INFO] 󰒄 WebSocket Server initialized and tied to HTTP server
[2026-01-14T06:26:43.052Z] [INFO] 󰚩 AI Engines initialized and healthy
[2026-01-14T06:26:44.865Z] [INFO] 🚀 [Python Bridge] Running ai_hub.py task: health
[2026-01-14T06:26:44.925Z] [INFO] BLACKONN E-Commerce Server Started
Local:    http://localhost:3000
Bound to: 0.0.0.0:3000
External: http://192.168.1.3:3000
API:      http://localhost:3000/api
Health:   http://localhost:3000/api/health
Status:   Running in development mode
[2026-01-14T06:26:44.968Z] [INFO] 󰒄 WebSocket Server initialized and tied to HTTP server
[2026-01-14T06:26:45.073Z] [INFO] 󰚩 AI Engines initialized and healthy
[2026-01-14T06:26:47.051Z] [INFO] 🚀 [Python Bridge] Running ai_hub.py task: health
[2026-01-14T06:26:47.107Z] [INFO] BLACKONN E-Commerce Server Started
Local:    http://localhost:3000
Bound to: 0.0.0.0:3000
External: http://192.168.1.3:3000
API:      http://localhost:3000/api
Health:   http://localhost:3000/api/health
Status:   Running in development mode
[2026-01-14T06:26:47.149Z] [INFO] 󰒄 WebSocket Server initialized and tied to HTTP server
[2026-01-14T06:26:47.243Z] [INFO] 󰚩 AI Engines initialized and healthy
[2026-01-14T06:26:53.618Z] [INFO] 🚀 [Python Bridge] Running ai_hub.py task: health
[2026-01-14T06:26:53.683Z] [INFO] BLACKONN E-Commerce Server Started
Local:    http://localhost:3000
Bound to: 0.0.0.0:3000
External: http://192.168.1.3:3000
API:      http://localhost:3000/api
Health:   http://localhost:3000/api/health
Status:   Running in development mode
[2026-01-14T06:26:53.735Z] [INFO] 󰒄 WebSocket Server initialized and tied to HTTP server
[2026-01-14T06:26:53.894Z] [INFO] 🚀 [Python Bridge] Running ai_hub.py task: analysis/insights
[2026-01-14T06:26:53.944Z] [INFO] 󰚩 AI Engines initialized and healthy
[2026-01-14T06:26:54.046Z] [INFO] 🚀 [Python Bridge] Running ai_hub.py task: security/scan
[2026-01-14T06:26:54.207Z] [INFO] 🚀 [Python Bridge] Running ai_hub.py task: analysis/insights
[2026-01-14T06:26:54.669Z] [INFO] 🚀 [Python Bridge] Running ai_hub.py task: analysis/insights
[2026-01-14T06:26:56.411Z] [INFO] 🚀 [Python Bridge] Running ai_hub.py task: health
[2026-01-14T06:26:56.459Z] [INFO] BLACKONN E-Commerce Server Started
Local:    http://localhost:3000
Bound to: 0.0.0.0:3000
External: http://192.168.1.3:3000
API:      http://localhost:3000/api
Health:   http://localhost:3000/api/health
Status:   Running in development mode
[2026-01-14T06:26:56.499Z] [INFO] 󰒄 WebSocket Server initialized and tied to HTTP server
[2026-01-14T06:26:56.537Z] [INFO] 🚀 [Python Bridge] Running ai_hub.py task: analysis/insights
[2026-01-14T06:26:56.641Z] [INFO] 󰚩 AI Engines initialized and healthy
[2026-01-14T06:26:56.756Z] [INFO] 🚀 [Python Bridge] Running ai_hub.py task: analysis/insights
[2026-01-14T06:27:07.610Z] [INFO] 🚀 [Python Bridge] Running ai_hub.py task: health
[2026-01-14T06:27:07.659Z] [INFO] BLACKONN E-Commerce Server Started
Local:    http://localhost:3000
Bound to: 0.0.0.0:3000
External: http://192.168.1.3:3000
API:      http://localhost:3000/api
Health:   http://localhost:3000/api/health
Status:   Running in development mode
[2026-01-14T06:27:07.700Z] [INFO] 󰒄 WebSocket Server initialized and tied to HTTP server
[2026-01-14T06:27:07.781Z] [INFO] 󰚩 AI Engines initialized and healthy
[2026-01-14T06:27:09.487Z] [INFO] 🚀 [Python Bridge] Running ai_hub.py task: health
[2026-01-14T06:27:09.537Z] [INFO] BLACKONN E-Commerce Server Started
Local:    http://localhost:3000
Bound to: 0.0.0.0:3000
External: http://192.168.1.3:3000
API:      http://localhost:3000/api
Health:   http://localhost:3000/api/health
Status:   Running in development mode
[2026-01-14T06:27:09.580Z] [INFO] 󰒄 WebSocket Server initialized and tied to HTTP server
[2026-01-14T06:27:09.713Z] [INFO] 󰚩 AI Engines initialized and healthy
[2026-01-14T06:27:18.567Z] [INFO] 🚀 [Python Bridge] Running ai_hub.py task: health
[2026-01-14T06:27:18.626Z] [INFO] BLACKONN E-Commerce Server Started
Local:    http://localhost:3000
Bound to: 0.0.0.0:3000
External: http://192.168.1.3:3000
API:      http://localhost:3000/api
Health:   http://localhost:3000/api/health
Status:   Running in development mode
[2026-01-14T06:27:18.664Z] [INFO] 󰒄 WebSocket Server initialized and tied to HTTP server
[2026-01-14T06:27:18.760Z] [INFO] 󰚩 AI Engines initialized and healthy
[2026-01-14T06:27:23.461Z] [INFO] 🚀 [Python Bridge] Running ai_hub.py task: health
[2026-01-14T06:27:23.507Z] [INFO] BLACKONN E-Commerce Server Started
Local:    http://localhost:3000
Bound to: 0.0.0.0:3000
External: http://192.168.1.3:3000
API:      http://localhost:3000/api
Health:   http://localhost:3000/api/health
Status:   Running in development mode
[2026-01-14T06:27:23.543Z] [INFO] 󰒄 WebSocket Server initialized and tied to HTTP server
[2026-01-14T06:27:23.620Z] [INFO] 󰚩 AI Engines initialized and healthy
[2026-01-14T06:27:23.709Z] [INFO] 🚀 [Python Bridge] Running ai_hub.py task: security/scan
[2026-01-14T06:27:24.116Z] [INFO] 🚀 [Python Bridge] Running ai_hub.py task: analysis/insights
[2026-01-14T06:27:24.199Z] [INFO] 🚀 [Python Bridge] Running ai_hub.py task: analysis/insights
[2026-01-14T06:27:28.554Z] [INFO] 🚀 [Python Bridge] Running ai_hub.py task: health
[2026-01-14T06:27:28.624Z] [INFO] BLACKONN E-Commerce Server Started
Local:    http://localhost:3000
Bound to: 0.0.0.0:3000
External: http://192.168.1.3:3000
API:      http://localhost:3000/api
Health:   http://localhost:3000/api/health
Status:   Running in development mode
[2026-01-14T06:27:28.677Z] [INFO] 󰒄 WebSocket Server initialized and tied to HTTP server
[2026-01-14T06:27:28.805Z] [INFO] 󰚩 AI Engines initialized and healthy
[2026-01-14T06:27:38.477Z] [INFO] 🚀 [Python Bridge] Running ai_hub.py task: analysis/insights
[2026-01-14T06:27:53.520Z] [INFO] 🚀 [Python Bridge] Running ai_hub.py task: analysis/insights
[2026-01-14T06:27:53.673Z] [INFO] 🚀 [Python Bridge] Running ai_hub.py task: security/scan
[2026-01-14T06:27:54.207Z] [INFO] 🚀 [Python Bridge] Running ai_hub.py task: analysis/insights
[2026-01-14T06:27:58.679Z] [INFO] 🚀 [Python Bridge] Running ai_hub.py task: realtime/metric
[2026-01-14T06:28:16.602Z] [INFO] 🚀 [Python Bridge] Running ai_hub.py task: health/full
[2026-01-14T06:28:23.586Z] [INFO] 🚀 [Python Bridge] Running ai_hub.py task: analysis/insights
[2026-01-14T06:28:23.703Z] [INFO] 🚀 [Python Bridge] Running ai_hub.py task: security/scan
[2026-01-14T06:28:24.192Z] [INFO] 🚀 [Python Bridge] Running ai_hub.py task: analysis/insights
[2026-01-14T06:28:24.918Z] [INFO] 🚀 [Python Bridge] Running ai_hub.py task: capabilities
[2026-01-14T06:28:28.699Z] [INFO] 🚀 [Python Bridge] Running ai_hub.py task: realtime/metric
[2026-01-14T06:28:53.317Z] [INFO] 🚀 [Python Bridge] Running ai_hub.py task: health/full
[2026-01-14T06:28:53.427Z] [INFO] 🚀 [Python Bridge] Running ai_hub.py task: analysis/insights
[2026-01-14T06:28:53.724Z] [INFO] 🚀 [Python Bridge] Running ai_hub.py task: security/scan
[2026-01-14T06:28:54.189Z] [INFO] 🚀 [Python Bridge] Running ai_hub.py task: analysis/insights
[2026-01-14T06:28:54.231Z] [INFO] 🚀 [Python Bridge] Running ai_hub.py task: analysis/insights
[2026-01-14T06:28:54.474Z] [INFO] 🚀 [Python Bridge] Running ai_hub.py task: analysis/insights
[2026-01-14T06:28:58.714Z] [INFO] 🚀 [Python Bridge] Running ai_hub.py task: realtime/metric
[2026-01-14T06:28:59.912Z] [INFO] 🚀 [Python Bridge] Running ai_hub.py task: capabilities
[2026-01-14T06:28:59.998Z] [INFO] 🚀 [Python Bridge] Running ai_hub.py task: health/diagnose
[2026-01-14T06:29:00.152Z] [INFO] 🚀 [Python Bridge] Running ai_hub.py task: health/diagnose
[2026-01-14T06:29:00.306Z] [INFO] 🚀 [Python Bridge] Running ai_hub.py task: health/diagnose
[2026-01-14T06:29:00.476Z] [INFO] 🚀 [Python Bridge] Running ai_hub.py task: health/diagnose
[2026-01-14T06:29:00.639Z] [INFO] 🚀 [Python Bridge] Running ai_hub.py task: health/diagnose
[2026-01-14T06:29:00.795Z] [INFO] 🚀 [Python Bridge] Running ai_hub.py task: health/diagnose
[2026-01-14T06:29:00.946Z] [INFO] 🚀 [Python Bridge] Running ai_hub.py task: health/diagnose
[2026-01-14T06:29:01.098Z] [INFO] 🚀 [Python Bridge] Running ai_hub.py task: health/diagnose
[2026-01-14T06:29:01.246Z] [INFO] 🚀 [Python Bridge] Running ai_hub.py task: health/diagnose
[2026-01-14T06:29:01.413Z] [INFO] 🚀 [Python Bridge] Running ai_hub.py task: health/diagnose
[2026-01-14T06:29:01.571Z] [INFO] 🚀 [Python Bridge] Running ai_hub.py task: health/diagnose
[2026-01-14T06:29:01.742Z] [INFO] 🚀 [Python Bridge] Running ai_hub.py task: health/diagnose
[2026-01-14T06:29:01.899Z] [INFO] 🚀 [Python Bridge] Running ai_hub.py task: health/diagnose
[2026-01-14T06:29:02.057Z] [INFO] 🚀 [Python Bridge] Running ai_hub.py task: health/diagnose
[2026-01-14T06:29:02.218Z] [INFO] 🚀 [Python Bridge] Running ai_hub.py task: health/diagnose
[2026-01-14T06:29:02.376Z] [INFO] 🚀 [Python Bridge] Running ai_hub.py task: health/diagnose
[2026-01-14T06:29:02.538Z] [INFO] 🚀 [Python Bridge] Running ai_hub.py task: health/diagnose
[2026-01-14T06:29:02.698Z] [INFO] 🚀 [Python Bridge] Running ai_hub.py task: health/diagnose
[2026-01-14T06:29:23.500Z] [INFO] 🚀 [Python Bridge] Running ai_hub.py task: analysis/insights
[2026-01-14T06:29:23.690Z] [INFO] 🚀 [Python Bridge] Running ai_hub.py task: security/scan
[2026-01-14T06:29:24.192Z] [INFO] 🚀 [Python Bridge] Running ai_hub.py task: analysis/insights
[2026-01-14T06:29:28.711Z] [INFO] 🚀 [Python Bridge] Running ai_hub.py task: realtime/metric
[2026-01-14T06:29:36.192Z] [INFO] 🚀 [Python Bridge] Running ai_hub.py task: health
[2026-01-14T06:29:36.255Z] [INFO] BLACKONN E-Commerce Server Started
Local:    http://localhost:3000
Bound to: 0.0.0.0:3000
External: http://192.168.1.3:3000
API:      http://localhost:3000/api
Health:   http://localhost:3000/api/health
Status:   Running in development mode
[2026-01-14T06:29:36.312Z] [INFO] 󰒄 WebSocket Server initialized and tied to HTTP server
[2026-01-14T06:29:36.433Z] [INFO] 󰚩 AI Engines initialized and healthy
[2026-01-14T06:29:53.592Z] [INFO] 🚀 [Python Bridge] Running ai_hub.py task: analysis/insights
[2026-01-14T06:29:53.672Z] [INFO] 🚀 [Python Bridge] Running ai_hub.py task: security/scan
[2026-01-14T06:29:54.174Z] [INFO] 🚀 [Python Bridge] Running ai_hub.py task: analysis/insights
[2026-01-14T06:30:06.327Z] [INFO] 🚀 [Python Bridge] Running ai_hub.py task: realtime/metric
[2026-01-14T06:30:23.559Z] [INFO] 🚀 [Python Bridge] Running ai_hub.py task: analysis/insights
[2026-01-14T06:30:23.691Z] [INFO] 🚀 [Python Bridge] Running ai_hub.py task: security/scan
[2026-01-14T06:30:24.187Z] [INFO] 🚀 [Python Bridge] Running ai_hub.py task: analysis/insights
[2026-01-14T06:30:30.602Z] [INFO] 🚀 [Python Bridge] Running ai_hub.py task: health
[2026-01-14T06:30:30.654Z] [INFO] BLACKONN E-Commerce Server Started
Local:    http://localhost:3000
Bound to: 0.0.0.0:3000
External: http://192.168.1.3:3000
API:      http://localhost:3000/api
Health:   http://localhost:3000/api/health
Status:   Running in development mode
[2026-01-14T06:30:30.705Z] [INFO] 󰒄 WebSocket Server initialized and tied to HTTP server
[2026-01-14T06:30:30.874Z] [INFO] 󰚩 AI Engines initialized and healthy
[2026-01-14T06:30:36.076Z] [INFO] 🚀 [Python Bridge] Running ai_hub.py task: health
[2026-01-14T06:30:36.132Z] [INFO] BLACKONN E-Commerce Server Started
Local:    http://localhost:3000
Bound to: 0.0.0.0:3000
External: http://192.168.1.3:3000
API:      http://localhost:3000/api
Health:   http://localhost:3000/api/health
Status:   Running in development mode
[2026-01-14T06:30:36.171Z] [INFO] 󰒄 WebSocket Server initialized and tied to HTTP server
[2026-01-14T06:30:36.295Z] [INFO] 󰚩 AI Engines initialized and healthy
[2026-01-14T06:30:46.557Z] [INFO] 🚀 [Python Bridge] Running ai_hub.py task: health
[2026-01-14T06:30:46.601Z] [INFO] BLACKONN E-Commerce Server Started
Local:    http://localhost:3000
Bound to: 0.0.0.0:3000
External: http://192.168.1.3:3000
API:      http://localhost:3000/api
Health:   http://localhost:3000/api/health
Status:   Running in development mode
[2026-01-14T06:30:46.629Z] [INFO] 󰒄 WebSocket Server initialized and tied to HTTP server
[2026-01-14T06:30:46.708Z] [INFO] 󰚩 AI Engines initialized and healthy
[2026-01-14T06:31:17.703Z] [INFO] 🚀 [Python Bridge] Running ai_hub.py task: health
[2026-01-14T06:31:17.760Z] [INFO] BLACKONN E-Commerce Server Started
Local:    http://localhost:3000
Bound to: 0.0.0.0:3000
External: http://192.168.1.3:3000
API:      http://localhost:3000/api
Health:   http://localhost:3000/api/health
Status:   Running in development mode
[2026-01-14T06:31:17.802Z] [INFO] 󰒄 WebSocket Server initialized and tied to HTTP server
[2026-01-14T06:31:17.869Z] [INFO] 󰚩 AI Engines initialized and healthy
