[2026-01-12T14:15:05.983Z] [INFO] 🚀 [Python Bridge] Running ai_hub.py task: health
[2026-01-12T14:15:06.071Z] [INFO] BLACKONN E-Commerce Server Started
Local:    http://localhost:3000
Bound to: 0.0.0.0:3000
External: http://192.168.1.8:3000
API:      http://localhost:3000/api
Health:   http://localhost:3000/api/health
Status:   Running in development mode
[2026-01-12T14:15:06.145Z] [INFO] 󰒄 WebSocket Server initialized and tied to HTTP server
[2026-01-12T14:15:06.295Z] [INFO] 󰚩 AI Engines initialized and healthy
[2026-01-12T14:15:11.705Z] [INFO] 🚀 [Python Bridge] Running ai_hub.py task: health
[2026-01-12T14:15:11.758Z] [INFO] BLACKONN E-Commerce Server Started
Local:    http://localhost:3000
Bound to: 0.0.0.0:3000
External: http://192.168.1.8:3000
API:      http://localhost:3000/api
Health:   http://localhost:3000/api/health
Status:   Running in development mode
[2026-01-12T14:15:11.792Z] [INFO] 󰒄 WebSocket Server initialized and tied to HTTP server
[2026-01-12T14:15:11.896Z] [INFO] 󰚩 AI Engines initialized and healthy
[2026-01-12T14:15:29.450Z] [INFO] 🚀 [Python Bridge] Running ai_hub.py task: health
[2026-01-12T14:15:29.505Z] [INFO] BLACKONN E-Commerce Server Started
Local:    http://localhost:3000
Bound to: 0.0.0.0:3000
External: http://192.168.1.8:3000
API:      http://localhost:3000/api
Health:   http://localhost:3000/api/health
Status:   Running in development mode
[2026-01-12T14:15:29.546Z] [INFO] 󰒄 WebSocket Server initialized and tied to HTTP server
[2026-01-12T14:15:29.641Z] [INFO] 󰚩 AI Engines initialized and healthy
[2026-01-12T14:15:59.548Z] [INFO] 🚀 [Python Bridge] Running ai_hub.py task: realtime/metric
[2026-01-12T14:16:29.565Z] [INFO] 🚀 [Python Bridge] Running ai_hub.py task: realtime/metric
[2026-01-12T14:16:59.566Z] [INFO] 🚀 [Python Bridge] Running ai_hub.py task: realtime/metric
[2026-01-12T14:17:29.557Z] [INFO] 🚀 [Python Bridge] Running ai_hub.py task: realtime/metric
[2026-01-12T14:17:59.572Z] [INFO] 🚀 [Python Bridge] Running ai_hub.py task: realtime/metric
[2026-01-12T14:18:29.566Z] [INFO] 🚀 [Python Bridge] Running ai_hub.py task: realtime/metric
[2026-01-12T14:18:59.566Z] [INFO] 🚀 [Python Bridge] Running ai_hub.py task: realtime/metric
[2026-01-12T14:19:06.944Z] [INFO] 🚀 [Python Bridge] Running ai_hub.py task: analysis/insights
[2026-01-12T14:19:07.210Z] [INFO] 🚀 [Python Bridge] Running ai_hub.py task: security/scan
[2026-01-12T14:19:07.291Z] [INFO] 🚀 [Python Bridge] Running ai_hub.py task: analysis/insights
[2026-01-12T14:19:08.305Z] [INFO] 🚀 [Python Bridge] Running ai_hub.py task: analysis/insights
[2026-01-12T14:19:29.560Z] [INFO] 🚀 [Python Bridge] Running ai_hub.py task: realtime/metric
[2026-01-12T14:19:37.021Z] [INFO] 🚀 [Python Bridge] Running ai_hub.py task: analysis/insights
[2026-01-12T14:19:37.146Z] [INFO] 🚀 [Python Bridge] Running ai_hub.py task: security/scan
[2026-01-12T14:19:37.648Z] [INFO] 🚀 [Python Bridge] Running ai_hub.py task: analysis/insights
[2026-01-12T14:19:59.575Z] [INFO] 🚀 [Python Bridge] Running ai_hub.py task: realtime/metric
[2026-01-12T14:20:06.942Z] [INFO] 🚀 [Python Bridge] Running ai_hub.py task: analysis/insights
[2026-01-12T14:20:07.145Z] [INFO] 🚀 [Python Bridge] Running ai_hub.py task: security/scan
[2026-01-12T14:20:07.636Z] [INFO] 🚀 [Python Bridge] Running ai_hub.py task: analysis/insights
[2026-01-12T14:20:29.575Z] [INFO] 🚀 [Python Bridge] Running ai_hub.py task: realtime/metric
[2026-01-12T14:20:36.937Z] [INFO] 🚀 [Python Bridge] Running ai_hub.py task: analysis/insights
[2026-01-12T14:20:37.137Z] [INFO] 🚀 [Python Bridge] Running ai_hub.py task: security/scan
[2026-01-12T14:20:37.640Z] [INFO] 🚀 [Python Bridge] Running ai_hub.py task: analysis/insights
[2026-01-12T14:20:57.685Z] [INFO] 🚀 [Python Bridge] Running ai_hub.py task: health
[2026-01-12T14:20:57.728Z] [INFO] BLACKONN E-Commerce Server Started
Local:    http://localhost:3000
Bound to: 0.0.0.0:3000
External: http://192.168.1.8:3000
API:      http://localhost:3000/api
Health:   http://localhost:3000/api/health
Status:   Running in development mode
[2026-01-12T14:20:57.763Z] [INFO] 󰒄 WebSocket Server initialized and tied to HTTP server
[2026-01-12T14:20:57.840Z] [INFO] 󰚩 AI Engines initialized and healthy
[2026-01-12T14:21:06.752Z] [INFO] 🚀 [Python Bridge] Running ai_hub.py task: analysis/insights
[2026-01-12T14:21:07.128Z] [INFO] 🚀 [Python Bridge] Running ai_hub.py task: security/scan
[2026-01-12T14:21:07.318Z] [INFO] 🚀 [Python Bridge] Running ai_hub.py task: analysis/insights
[2026-01-12T14:21:07.476Z] [INFO] 🚀 [Python Bridge] Running ai_hub.py task: analysis/insights
[2026-01-12T14:21:07.629Z] [INFO] 🚀 [Python Bridge] Running ai_hub.py task: analysis/insights
[2026-01-12T14:21:27.772Z] [INFO] 🚀 [Python Bridge] Running ai_hub.py task: realtime/metric
[2026-01-12T14:21:36.930Z] [INFO] 🚀 [Python Bridge] Running ai_hub.py task: analysis/insights
[2026-01-12T14:21:37.106Z] [INFO] 🚀 [Python Bridge] Running ai_hub.py task: security/scan
[2026-01-12T14:21:37.611Z] [INFO] 🚀 [Python Bridge] Running ai_hub.py task: analysis/insights
[2026-01-12T14:21:57.781Z] [INFO] 🚀 [Python Bridge] Running ai_hub.py task: realtime/metric
[2026-01-12T14:22:06.934Z] [INFO] 🚀 [Python Bridge] Running ai_hub.py task: analysis/insights
[2026-01-12T14:22:07.130Z] [INFO] 🚀 [Python Bridge] Running ai_hub.py task: security/scan
[2026-01-12T14:22:07.620Z] [INFO] 🚀 [Python Bridge] Running ai_hub.py task: analysis/insights
[2026-01-12T14:22:27.792Z] [INFO] 🚀 [Python Bridge] Running ai_hub.py task: realtime/metric
[2026-01-12T14:22:36.945Z] [INFO] 🚀 [Python Bridge] Running ai_hub.py task: analysis/insights
[2026-01-12T14:22:37.118Z] [INFO] 🚀 [Python Bridge] Running ai_hub.py task: security/scan
[2026-01-12T14:22:37.625Z] [INFO] 🚀 [Python Bridge] Running ai_hub.py task: analysis/insights
[2026-01-12T14:22:57.785Z] [INFO] 🚀 [Python Bridge] Running ai_hub.py task: realtime/metric
[2026-01-12T14:23:06.736Z] [INFO] 🚀 [Python Bridge] Running ai_hub.py task: analysis/insights
[2026-01-12T14:23:07.127Z] [INFO] 🚀 [Python Bridge] Running ai_hub.py task: security/scan
[2026-01-12T14:23:07.319Z] [INFO] 🚀 [Python Bridge] Running ai_hub.py task: analysis/insights
[2026-01-12T14:23:07.477Z] [INFO] 🚀 [Python Bridge] Running ai_hub.py task: analysis/insights
[2026-01-12T14:23:07.624Z] [INFO] 🚀 [Python Bridge] Running ai_hub.py task: analysis/insights
[2026-01-12T14:23:27.789Z] [INFO] 🚀 [Python Bridge] Running ai_hub.py task: realtime/metric
[2026-01-12T14:23:36.909Z] [INFO] 🚀 [Python Bridge] Running ai_hub.py task: analysis/insights
[2026-01-12T14:23:37.106Z] [INFO] 🚀 [Python Bridge] Running ai_hub.py task: security/scan
[2026-01-12T14:23:37.613Z] [INFO] 🚀 [Python Bridge] Running ai_hub.py task: analysis/insights
[2026-01-12T14:23:57.796Z] [INFO] 🚀 [Python Bridge] Running ai_hub.py task: realtime/metric
[2026-01-12T14:24:06.921Z] [INFO] 🚀 [Python Bridge] Running ai_hub.py task: analysis/insights
[2026-01-12T14:24:07.121Z] [INFO] 🚀 [Python Bridge] Running ai_hub.py task: security/scan
[2026-01-12T14:24:07.610Z] [INFO] 🚀 [Python Bridge] Running ai_hub.py task: analysis/insights
[2026-01-12T14:24:27.795Z] [INFO] 🚀 [Python Bridge] Running ai_hub.py task: realtime/metric
[2026-01-12T14:24:36.916Z] [INFO] 🚀 [Python Bridge] Running ai_hub.py task: analysis/insights
[2026-01-12T14:24:37.104Z] [INFO] 🚀 [Python Bridge] Running ai_hub.py task: security/scan
[2026-01-12T14:24:37.611Z] [INFO] 🚀 [Python Bridge] Running ai_hub.py task: analysis/insights
[2026-01-12T14:24:57.789Z] [INFO] 🚀 [Python Bridge] Running ai_hub.py task: realtime/metric
[2026-01-12T14:25:06.723Z] [INFO] 🚀 [Python Bridge] Running ai_hub.py task: analysis/insights
[2026-01-12T14:25:07.116Z] [INFO] 🚀 [Python Bridge] Running ai_hub.py task: security/scan
[2026-01-12T14:25:07.261Z] [INFO] 🚀 [Python Bridge] Running ai_hub.py task: analysis/insights
[2026-01-12T14:25:07.384Z] [INFO] 🚀 [Python Bridge] Running ai_hub.py task: analysis/insights
[2026-01-12T14:25:07.601Z] [INFO] 🚀 [Python Bridge] Running ai_hub.py task: analysis/insights
[2026-01-12T14:25:27.790Z] [INFO] 🚀 [Python Bridge] Running ai_hub.py task: realtime/metric
[2026-01-12T14:25:36.909Z] [INFO] 🚀 [Python Bridge] Running ai_hub.py task: analysis/insights
[2026-01-12T14:25:37.097Z] [INFO] 🚀 [Python Bridge] Running ai_hub.py task: security/scan
[2026-01-12T14:25:37.607Z] [INFO] 🚀 [Python Bridge] Running ai_hub.py task: analysis/insights
[2026-01-12T14:25:57.800Z] [INFO] 🚀 [Python Bridge] Running ai_hub.py task: realtime/metric
[2026-01-12T14:26:06.892Z] [INFO] 🚀 [Python Bridge] Running ai_hub.py task: analysis/insights
[2026-01-12T14:26:07.090Z] [INFO] 🚀 [Python Bridge] Running ai_hub.py task: security/scan
[2026-01-12T14:26:07.595Z] [INFO] 🚀 [Python Bridge] Running ai_hub.py task: analysis/insights
[2026-01-12T14:26:27.799Z] [INFO] 🚀 [Python Bridge] Running ai_hub.py task: realtime/metric
[2026-01-12T14:26:36.890Z] [INFO] 🚀 [Python Bridge] Running ai_hub.py task: analysis/insights
[2026-01-12T14:26:37.108Z] [INFO] 🚀 [Python Bridge] Running ai_hub.py task: security/scan
[2026-01-12T14:26:37.594Z] [INFO] 🚀 [Python Bridge] Running ai_hub.py task: analysis/insights
[2026-01-12T14:26:57.795Z] [INFO] 🚀 [Python Bridge] Running ai_hub.py task: realtime/metric
[2026-01-12T14:27:06.733Z] [INFO] 🚀 [Python Bridge] Running ai_hub.py task: analysis/insights
[2026-01-12T14:27:07.104Z] [INFO] 🚀 [Python Bridge] Running ai_hub.py task: security/scan
[2026-01-12T14:27:07.452Z] [INFO] 🚀 [Python Bridge] Running ai_hub.py task: analysis/insights
[2026-01-12T14:27:07.595Z] [INFO] 🚀 [Python Bridge] Running ai_hub.py task: analysis/insights
[2026-01-12T14:27:07.611Z] [INFO] 🚀 [Python Bridge] Running ai_hub.py task: analysis/insights
[2026-01-12T14:27:27.795Z] [INFO] 🚀 [Python Bridge] Running ai_hub.py task: realtime/metric
[2026-01-12T14:27:37.007Z] [INFO] 🚀 [Python Bridge] Running ai_hub.py task: analysis/insights
[2026-01-12T14:27:37.086Z] [INFO] 🚀 [Python Bridge] Running ai_hub.py task: security/scan
[2026-01-12T14:27:37.595Z] [INFO] 🚀 [Python Bridge] Running ai_hub.py task: analysis/insights
[2026-01-12T14:27:57.802Z] [INFO] 🚀 [Python Bridge] Running ai_hub.py task: realtime/metric
[2026-01-12T14:28:06.928Z] [INFO] 🚀 [Python Bridge] Running ai_hub.py task: analysis/insights
[2026-01-12T14:28:07.083Z] [INFO] 🚀 [Python Bridge] Running ai_hub.py task: security/scan
[2026-01-12T14:28:07.586Z] [INFO] 🚀 [Python Bridge] Running ai_hub.py task: analysis/insights
[2026-01-12T14:28:27.810Z] [INFO] 🚀 [Python Bridge] Running ai_hub.py task: realtime/metric
[2026-01-12T14:28:36.950Z] [INFO] 🚀 [Python Bridge] Running ai_hub.py task: analysis/insights
[2026-01-12T14:28:37.081Z] [INFO] 🚀 [Python Bridge] Running ai_hub.py task: security/scan
[2026-01-12T14:28:37.591Z] [INFO] 🚀 [Python Bridge] Running ai_hub.py task: analysis/insights
[2026-01-12T14:28:57.803Z] [INFO] 🚀 [Python Bridge] Running ai_hub.py task: realtime/metric
[2026-01-12T14:29:07.319Z] [INFO] 🚀 [Python Bridge] Running ai_hub.py task: analysis/insights
[2026-01-12T14:29:07.890Z] [INFO] 🚀 [Python Bridge] Running ai_hub.py task: analysis/insights
[2026-01-12T14:29:08.019Z] [INFO] 🚀 [Python Bridge] Running ai_hub.py task: analysis/insights
[2026-01-12T14:29:08.322Z] [INFO] 🚀 [Python Bridge] Running ai_hub.py task: security/scan
[2026-01-12T14:29:08.340Z] [INFO] 🚀 [Python Bridge] Running ai_hub.py task: analysis/insights
[2026-01-12T14:29:27.812Z] [INFO] 🚀 [Python Bridge] Running ai_hub.py task: realtime/metric
[2026-01-12T14:29:37.580Z] [INFO] 🚀 [Python Bridge] Running ai_hub.py task: analysis/insights
[2026-01-12T14:29:38.306Z] [INFO] 🚀 [Python Bridge] Running ai_hub.py task: security/scan
[2026-01-12T14:29:38.321Z] [INFO] 🚀 [Python Bridge] Running ai_hub.py task: analysis/insights
[2026-01-12T14:29:57.806Z] [INFO] 🚀 [Python Bridge] Running ai_hub.py task: realtime/metric
[2026-01-12T14:30:27.809Z] [INFO] 🚀 [Python Bridge] Running ai_hub.py task: realtime/metric
[2026-01-12T14:30:49.835Z] [INFO] 🚀 [Python Bridge] Running ai_hub.py task: analysis/insights
[2026-01-12T14:30:50.266Z] [INFO] 🚀 [Python Bridge] Running ai_hub.py task: security/scan
[2026-01-12T14:30:51.269Z] [INFO] 🚀 [Python Bridge] Running ai_hub.py task: analysis/insights
[2026-01-12T14:30:57.807Z] [INFO] 🚀 [Python Bridge] Running ai_hub.py task: realtime/metric
[2026-01-12T14:31:07.309Z] [INFO] 🚀 [Python Bridge] Running ai_hub.py task: analysis/insights
[2026-01-12T14:31:07.848Z] [INFO] 🚀 [Python Bridge] Running ai_hub.py task: analysis/insights
[2026-01-12T14:31:27.810Z] [INFO] 🚀 [Python Bridge] Running ai_hub.py task: realtime/metric
[2026-01-12T14:31:49.772Z] [INFO] 🚀 [Python Bridge] Running ai_hub.py task: analysis/insights
[2026-01-12T14:31:57.807Z] [INFO] 🚀 [Python Bridge] Running ai_hub.py task: realtime/metric
[2026-01-12T14:32:27.814Z] [INFO] 🚀 [Python Bridge] Running ai_hub.py task: realtime/metric
[2026-01-12T14:32:49.262Z] [INFO] 🚀 [Python Bridge] Running ai_hub.py task: security/scan
[2026-01-12T14:32:49.286Z] [INFO] 🚀 [Python Bridge] Running ai_hub.py task: analysis/insights
[2026-01-12T14:32:49.832Z] [INFO] 🚀 [Python Bridge] Running ai_hub.py task: analysis/insights
[2026-01-12T14:32:57.816Z] [INFO] 🚀 [Python Bridge] Running ai_hub.py task: realtime/metric
[2026-01-12T14:33:12.558Z] [INFO] 🚀 [Python Bridge] Running ai_hub.py task: health
[2026-01-12T14:33:12.595Z] [INFO] BLACKONN E-Commerce Server Started
Local:    http://localhost:3000
Bound to: 0.0.0.0:3000
External: http://192.168.1.8:3000
API:      http://localhost:3000/api
Health:   http://localhost:3000/api/health
Status:   Running in development mode
[2026-01-12T14:33:12.622Z] [INFO] 󰒄 WebSocket Server initialized and tied to HTTP server
[2026-01-12T14:33:12.668Z] [INFO] 󰚩 AI Engines initialized and healthy
[2026-01-12T14:33:38.786Z] [INFO] 🚀 [Python Bridge] Running ai_hub.py task: health
[2026-01-12T14:33:38.821Z] [INFO] BLACKONN E-Commerce Server Started
Local:    http://localhost:3000
Bound to: 0.0.0.0:3000
External: http://192.168.1.8:3000
API:      http://localhost:3000/api
Health:   http://localhost:3000/api/health
Status:   Running in development mode
[2026-01-12T14:33:38.845Z] [INFO] 󰒄 WebSocket Server initialized and tied to HTTP server
[2026-01-12T14:33:38.897Z] [INFO] 󰚩 AI Engines initialized and healthy
[2026-01-12T14:33:49.602Z] [INFO] 🚀 [Python Bridge] Running ai_hub.py task: security/scan
[2026-01-12T14:33:49.634Z] [INFO] 🚀 [Python Bridge] Running ai_hub.py task: analysis/insights
[2026-01-12T14:33:49.873Z] [INFO] 🚀 [Python Bridge] Running ai_hub.py task: analysis/insights
[2026-01-12T14:33:50.778Z] [INFO] 🚀 [Python Bridge] Running ai_hub.py task: analysis/insights
[2026-01-12T14:33:50.913Z] [INFO] 🚀 [Python Bridge] Running ai_hub.py task: analysis/insights
[2026-01-12T14:34:05.395Z] [INFO] 🚀 [Python Bridge] Running ai_hub.py task: health
[2026-01-12T14:34:05.430Z] [INFO] BLACKONN E-Commerce Server Started
Local:    http://localhost:3000
Bound to: 0.0.0.0:3000
External: http://192.168.1.8:3000
API:      http://localhost:3000/api
Health:   http://localhost:3000/api/health
Status:   Running in development mode
[2026-01-12T14:34:05.458Z] [INFO] 󰒄 WebSocket Server initialized and tied to HTTP server
[2026-01-12T14:34:05.507Z] [INFO] 󰚩 AI Engines initialized and healthy
[2026-01-12T14:34:25.639Z] [INFO] 🚀 [Python Bridge] Running ai_hub.py task: security/scan
[2026-01-12T14:34:25.661Z] [INFO] 🚀 [Python Bridge] Running ai_hub.py task: analysis/insights
[2026-01-12T14:34:26.064Z] [INFO] 🚀 [Python Bridge] Running ai_hub.py task: security/scan
[2026-01-12T14:34:26.322Z] [INFO] 🚀 [Python Bridge] Running ai_hub.py task: analysis/insights
[2026-01-12T14:34:26.524Z] [INFO] 🚀 [Python Bridge] Running ai_hub.py task: analysis/insights
[2026-01-12T14:34:27.665Z] [INFO] 🚀 [Python Bridge] Running ai_hub.py task: analysis/insights
[2026-01-12T14:34:27.949Z] [INFO] 🚀 [Python Bridge] Running ai_hub.py task: security/scan
[2026-01-12T14:34:27.985Z] [INFO] 🚀 [Python Bridge] Running ai_hub.py task: analysis/insights
[2026-01-12T14:34:29.106Z] [INFO] 🚀 [Python Bridge] Running ai_hub.py task: analysis/insights
[2026-01-12T14:34:35.469Z] [INFO] 🚀 [Python Bridge] Running ai_hub.py task: realtime/metric
[2026-01-12T14:34:43.086Z] [INFO] 🚀 [Python Bridge] Running ai_hub.py task: health
[2026-01-12T14:34:43.125Z] [INFO] BLACKONN E-Commerce Server Started
Local:    http://localhost:3000
Bound to: 0.0.0.0:3000
External: http://192.168.1.8:3000
API:      http://localhost:3000/api
Health:   http://localhost:3000/api/health
Status:   Running in development mode
[2026-01-12T14:34:43.156Z] [INFO] 󰒄 WebSocket Server initialized and tied to HTTP server
[2026-01-12T14:34:43.229Z] [INFO] 󰚩 AI Engines initialized and healthy
[2026-01-12T14:35:13.157Z] [INFO] 🚀 [Python Bridge] Running ai_hub.py task: realtime/metric
[2026-01-12T14:35:43.174Z] [INFO] 🚀 [Python Bridge] Running ai_hub.py task: realtime/metric
[2026-01-12T14:36:13.186Z] [INFO] 🚀 [Python Bridge] Running ai_hub.py task: realtime/metric
[2026-01-12T14:36:43.197Z] [INFO] 🚀 [Python Bridge] Running ai_hub.py task: realtime/metric
[2026-01-12T14:37:13.216Z] [INFO] 🚀 [Python Bridge] Running ai_hub.py task: realtime/metric
[2026-01-12T14:37:43.224Z] [INFO] 🚀 [Python Bridge] Running ai_hub.py task: realtime/metric
[2026-01-12T14:38:13.231Z] [INFO] 🚀 [Python Bridge] Running ai_hub.py task: realtime/metric
[2026-01-12T14:38:43.238Z] [INFO] 🚀 [Python Bridge] Running ai_hub.py task: realtime/metric
[2026-01-12T14:39:13.244Z] [INFO] 🚀 [Python Bridge] Running ai_hub.py task: realtime/metric
[2026-01-12T14:39:43.246Z] [INFO] 🚀 [Python Bridge] Running ai_hub.py task: realtime/metric
[2026-01-12T14:40:13.260Z] [INFO] 🚀 [Python Bridge] Running ai_hub.py task: realtime/metric
[2026-01-12T14:40:43.261Z] [INFO] 🚀 [Python Bridge] Running ai_hub.py task: realtime/metric
[2026-01-12T14:41:13.268Z] [INFO] 🚀 [Python Bridge] Running ai_hub.py task: realtime/metric
[2026-01-12T14:41:43.271Z] [INFO] 🚀 [Python Bridge] Running ai_hub.py task: realtime/metric
[2026-01-12T14:42:13.274Z] [INFO] 🚀 [Python Bridge] Running ai_hub.py task: realtime/metric
[2026-01-12T14:42:43.285Z] [INFO] 🚀 [Python Bridge] Running ai_hub.py task: realtime/metric
[2026-01-12T14:43:13.286Z] [INFO] 🚀 [Python Bridge] Running ai_hub.py task: realtime/metric
[2026-01-12T14:43:43.281Z] [INFO] 🚀 [Python Bridge] Running ai_hub.py task: realtime/metric
[2026-01-12T14:44:02.300Z] [INFO] 🚀 [Python Bridge] Running ai_hub.py task: health
[2026-01-12T14:44:02.335Z] [INFO] BLACKONN E-Commerce Server Started
Local:    http://localhost:3000
Bound to: 0.0.0.0:3000
External: http://192.168.1.8:3000
API:      http://localhost:3000/api
Health:   http://localhost:3000/api/health
Status:   Running in development mode
[2026-01-12T14:44:02.358Z] [INFO] 󰒄 WebSocket Server initialized and tied to HTTP server
[2026-01-12T14:44:02.402Z] [INFO] 󰚩 AI Engines initialized and healthy
[2026-01-12T14:44:02.559Z] [INFO] 🚀 [Python Bridge] Running ai_hub.py task: analysis/insights
[2026-01-12T14:44:02.834Z] [INFO] 🚀 [Python Bridge] Running ai_hub.py task: security/scan
[2026-01-12T14:44:02.861Z] [INFO] 🚀 [Python Bridge] Running ai_hub.py task: analysis/insights
[2026-01-12T14:44:03.927Z] [INFO] 🚀 [Python Bridge] Running ai_hub.py task: analysis/insights
[2026-01-12T14:44:06.577Z] [INFO] 🚀 [Python Bridge] Running ai_hub.py task: analysis/insights
[2026-01-12T14:44:06.754Z] [INFO] 🚀 [Python Bridge] Running ai_hub.py task: security/scan
[2026-01-12T14:44:06.769Z] [INFO] 🚀 [Python Bridge] Running ai_hub.py task: analysis/insights
[2026-01-12T14:44:07.344Z] [INFO] 🚀 [Python Bridge] Running ai_hub.py task: analysis/insights
[2026-01-12T14:44:32.367Z] [INFO] 🚀 [Python Bridge] Running ai_hub.py task: realtime/metric
[2026-01-12T14:44:37.386Z] [INFO] 🚀 [Python Bridge] Running ai_hub.py task: analysis/insights
[2026-01-12T14:44:38.170Z] [INFO] 🚀 [Python Bridge] Running ai_hub.py task: security/scan
[2026-01-12T14:44:39.173Z] [INFO] 🚀 [Python Bridge] Running ai_hub.py task: analysis/insights
[2026-01-12T14:44:46.619Z] [INFO] 🚀 [Python Bridge] Running ai_hub.py task: analysis/insights
[2026-01-12T14:44:46.772Z] [INFO] 🚀 [Python Bridge] Running ai_hub.py task: security/scan
[2026-01-12T14:44:46.784Z] [INFO] 🚀 [Python Bridge] Running ai_hub.py task: analysis/insights
[2026-01-12T14:44:47.222Z] [INFO] 🚀 [Python Bridge] Running ai_hub.py task: analysis/insights
[2026-01-12T14:44:54.891Z] [INFO] 🚀 [Python Bridge] Running ai_hub.py task: health
[2026-01-12T14:44:54.923Z] [INFO] BLACKONN E-Commerce Server Started
Local:    http://localhost:3000
Bound to: 0.0.0.0:3000
External: http://192.168.1.8:3000
API:      http://localhost:3000/api
Health:   http://localhost:3000/api/health
Status:   Running in development mode
[2026-01-12T14:44:54.946Z] [INFO] 󰒄 WebSocket Server initialized and tied to HTTP server
[2026-01-12T14:44:54.998Z] [INFO] 󰚩 AI Engines initialized and healthy
[2026-01-12T14:45:16.703Z] [INFO] 🚀 [Python Bridge] Running ai_hub.py task: analysis/insights
[2026-01-12T14:45:17.057Z] [INFO] 🚀 [Python Bridge] Running ai_hub.py task: security/scan
[2026-01-12T14:45:17.557Z] [INFO] 🚀 [Python Bridge] Running ai_hub.py task: analysis/insights
[2026-01-12T14:45:24.953Z] [INFO] 🚀 [Python Bridge] Running ai_hub.py task: realtime/metric
[2026-01-12T14:45:36.049Z] [INFO] 🚀 [Python Bridge] Running ai_hub.py task: health
[2026-01-12T14:45:36.111Z] [INFO] BLACKONN E-Commerce Server Started
Local:    http://localhost:3000
Bound to: 0.0.0.0:3000
External: http://192.168.1.8:3000
API:      http://localhost:3000/api
Health:   http://localhost:3000/api/health
Status:   Running in development mode
[2026-01-12T14:45:36.167Z] [INFO] 󰒄 WebSocket Server initialized and tied to HTTP server
[2026-01-12T14:45:36.301Z] [INFO] 󰚩 AI Engines initialized and healthy
[2026-01-12T14:46:06.170Z] [INFO] 🚀 [Python Bridge] Running ai_hub.py task: realtime/metric
[2026-01-12T14:46:36.180Z] [INFO] 🚀 [Python Bridge] Running ai_hub.py task: realtime/metric
[2026-01-12T14:47:06.183Z] [INFO] 🚀 [Python Bridge] Running ai_hub.py task: realtime/metric
[2026-01-12T14:47:36.191Z] [INFO] 🚀 [Python Bridge] Running ai_hub.py task: realtime/metric
[2026-01-12T14:48:06.196Z] [INFO] 🚀 [Python Bridge] Running ai_hub.py task: realtime/metric
[2026-01-12T14:48:36.191Z] [INFO] 🚀 [Python Bridge] Running ai_hub.py task: realtime/metric
[2026-01-12T14:49:06.191Z] [INFO] 🚀 [Python Bridge] Running ai_hub.py task: realtime/metric
[2026-01-12T14:49:36.186Z] [INFO] 🚀 [Python Bridge] Running ai_hub.py task: realtime/metric
[2026-01-12T14:50:06.186Z] [INFO] 🚀 [Python Bridge] Running ai_hub.py task: realtime/metric
[2026-01-12T14:50:36.198Z] [INFO] 🚀 [Python Bridge] Running ai_hub.py task: realtime/metric
[2026-01-12T14:51:06.199Z] [INFO] 🚀 [Python Bridge] Running ai_hub.py task: realtime/metric
[2026-01-12T14:51:36.210Z] [INFO] 🚀 [Python Bridge] Running ai_hub.py task: realtime/metric
[2026-01-12T14:52:06.210Z] [INFO] 🚀 [Python Bridge] Running ai_hub.py task: realtime/metric
[2026-01-12T14:52:36.222Z] [INFO] 🚀 [Python Bridge] Running ai_hub.py task: realtime/metric
[2026-01-12T14:53:06.223Z] [INFO] 🚀 [Python Bridge] Running ai_hub.py task: realtime/metric
[2026-01-12T14:53:36.233Z] [INFO] 🚀 [Python Bridge] Running ai_hub.py task: realtime/metric
[2026-01-12T14:54:06.235Z] [INFO] 🚀 [Python Bridge] Running ai_hub.py task: realtime/metric
[2026-01-12T14:54:36.233Z] [INFO] 🚀 [Python Bridge] Running ai_hub.py task: realtime/metric
[2026-01-12T14:55:06.234Z] [INFO] 🚀 [Python Bridge] Running ai_hub.py task: realtime/metric
[2026-01-12T14:55:36.234Z] [INFO] 🚀 [Python Bridge] Running ai_hub.py task: realtime/metric
[2026-01-12T14:56:06.246Z] [INFO] 🚀 [Python Bridge] Running ai_hub.py task: realtime/metric
[2026-01-12T14:56:36.243Z] [INFO] 🚀 [Python Bridge] Running ai_hub.py task: realtime/metric
[2026-01-12T14:57:06.257Z] [INFO] 🚀 [Python Bridge] Running ai_hub.py task: realtime/metric
[2026-01-12T14:57:36.255Z] [INFO] 🚀 [Python Bridge] Running ai_hub.py task: realtime/metric
[2026-01-12T14:58:06.259Z] [INFO] 🚀 [Python Bridge] Running ai_hub.py task: realtime/metric
[2026-01-12T14:58:36.268Z] [INFO] 🚀 [Python Bridge] Running ai_hub.py task: realtime/metric
[2026-01-12T14:59:06.269Z] [INFO] 🚀 [Python Bridge] Running ai_hub.py task: realtime/metric
[2026-01-12T14:59:36.281Z] [INFO] 🚀 [Python Bridge] Running ai_hub.py task: realtime/metric
[2026-01-12T15:00:00.023Z] [INFO] 🚀 [Python Bridge] Running ai_hub.py task: health
[2026-01-12T15:00:00.061Z] [INFO] BLACKONN E-Commerce Server Started
Local:    http://localhost:3000
Bound to: 0.0.0.0:3000
External: http://192.168.1.8:3000
API:      http://localhost:3000/api
Health:   http://localhost:3000/api/health
Status:   Running in development mode
[2026-01-12T15:00:00.091Z] [INFO] 󰒄 WebSocket Server initialized and tied to HTTP server
[2026-01-12T15:00:00.147Z] [INFO] 󰚩 AI Engines initialized and healthy
[2026-01-12T15:00:30.098Z] [INFO] 🚀 [Python Bridge] Running ai_hub.py task: realtime/metric
[2026-01-12T15:01:00.111Z] [INFO] 🚀 [Python Bridge] Running ai_hub.py task: realtime/metric
[2026-01-12T15:01:30.111Z] [INFO] 🚀 [Python Bridge] Running ai_hub.py task: realtime/metric
[2026-01-12T15:02:00.108Z] [INFO] 🚀 [Python Bridge] Running ai_hub.py task: realtime/metric
[2026-01-12T15:02:30.124Z] [INFO] 🚀 [Python Bridge] Running ai_hub.py task: realtime/metric
[2026-01-12T15:03:00.121Z] [INFO] 🚀 [Python Bridge] Running ai_hub.py task: realtime/metric
[2026-01-12T15:03:30.128Z] [INFO] 🚀 [Python Bridge] Running ai_hub.py task: realtime/metric
[2026-01-12T15:04:00.134Z] [INFO] 🚀 [Python Bridge] Running ai_hub.py task: realtime/metric
[2026-01-12T15:04:30.136Z] [INFO] 🚀 [Python Bridge] Running ai_hub.py task: realtime/metric
[2026-01-12T15:05:00.147Z] [INFO] 🚀 [Python Bridge] Running ai_hub.py task: realtime/metric
[2026-01-12T15:05:30.148Z] [INFO] 🚀 [Python Bridge] Running ai_hub.py task: realtime/metric
[2026-01-12T15:06:00.145Z] [INFO] 🚀 [Python Bridge] Running ai_hub.py task: realtime/metric
[2026-01-12T15:06:30.160Z] [INFO] 🚀 [Python Bridge] Running ai_hub.py task: realtime/metric
[2026-01-12T15:07:00.171Z] [INFO] 🚀 [Python Bridge] Running ai_hub.py task: realtime/metric
[2026-01-12T15:07:30.174Z] [INFO] 🚀 [Python Bridge] Running ai_hub.py task: realtime/metric
[2026-01-12T15:08:00.175Z] [INFO] 🚀 [Python Bridge] Running ai_hub.py task: realtime/metric
[2026-01-12T15:08:21.016Z] [INFO] 🚀 [Python Bridge] Running ai_hub.py task: health
[2026-01-12T15:08:21.065Z] [INFO] BLACKONN E-Commerce Server Started
Local:    http://localhost:3000
Bound to: 0.0.0.0:3000
External: http://192.168.1.8:3000
API:      http://localhost:3000/api
Health:   http://localhost:3000/api/health
Status:   Running in development mode
[2026-01-12T15:08:21.102Z] [INFO] 󰒄 WebSocket Server initialized and tied to HTTP server
[2026-01-12T15:08:21.172Z] [INFO] 󰚩 AI Engines initialized and healthy
[2026-01-12T15:08:26.927Z] [INFO] 🚀 [Python Bridge] Running ai_hub.py task: health
[2026-01-12T15:08:26.977Z] [INFO] BLACKONN E-Commerce Server Started
Local:    http://localhost:3000
Bound to: 0.0.0.0:3000
External: http://192.168.1.8:3000
API:      http://localhost:3000/api
Health:   http://localhost:3000/api/health
Status:   Running in development mode
[2026-01-12T15:08:27.032Z] [INFO] 󰒄 WebSocket Server initialized and tied to HTTP server
[2026-01-12T15:08:27.131Z] [INFO] 󰚩 AI Engines initialized and healthy
[2026-01-12T15:08:49.275Z] [INFO] 🚀 [Python Bridge] Running ai_hub.py task: health
[2026-01-12T15:08:49.317Z] [INFO] BLACKONN E-Commerce Server Started
Local:    http://localhost:3000
Bound to: 0.0.0.0:3000
External: http://192.168.1.8:3000
API:      http://localhost:3000/api
Health:   http://localhost:3000/api/health
Status:   Running in development mode
[2026-01-12T15:08:49.361Z] [INFO] 󰒄 WebSocket Server initialized and tied to HTTP server
[2026-01-12T15:08:49.447Z] [INFO] 󰚩 AI Engines initialized and healthy
[2026-01-12T15:09:19.367Z] [INFO] 🚀 [Python Bridge] Running ai_hub.py task: realtime/metric
[2026-01-12T15:09:49.367Z] [INFO] 🚀 [Python Bridge] Running ai_hub.py task: realtime/metric
[2026-01-12T15:10:19.382Z] [INFO] 🚀 [Python Bridge] Running ai_hub.py task: realtime/metric
[2026-01-12T15:10:49.382Z] [INFO] 🚀 [Python Bridge] Running ai_hub.py task: realtime/metric
[2026-01-12T15:11:19.396Z] [INFO] 🚀 [Python Bridge] Running ai_hub.py task: realtime/metric
[2026-01-12T15:11:49.395Z] [INFO] 🚀 [Python Bridge] Running ai_hub.py task: realtime/metric
[2026-01-12T15:12:19.395Z] [INFO] 🚀 [Python Bridge] Running ai_hub.py task: realtime/metric
[2026-01-12T15:12:49.392Z] [INFO] 🚀 [Python Bridge] Running ai_hub.py task: realtime/metric
[2026-01-12T15:13:19.392Z] [INFO] 🚀 [Python Bridge] Running ai_hub.py task: realtime/metric
[2026-01-12T15:13:42.417Z] [INFO] 🚀 [Python Bridge] Running ai_hub.py task: health
[2026-01-12T15:13:42.454Z] [INFO] BLACKONN E-Commerce Server Started
Local:    http://localhost:3000
Bound to: 0.0.0.0:3000
External: http://192.168.1.8:3000
API:      http://localhost:3000/api
Health:   http://localhost:3000/api/health
Status:   Running in development mode
[2026-01-12T15:13:42.480Z] [INFO] 󰒄 WebSocket Server initialized and tied to HTTP server
[2026-01-12T15:13:42.543Z] [INFO] 󰚩 AI Engines initialized and healthy
[2026-01-12T15:13:45.077Z] [INFO] 🚀 [Python Bridge] Running ai_hub.py task: health
[2026-01-12T15:13:45.125Z] [INFO] BLACKONN E-Commerce Server Started
Local:    http://localhost:3000
Bound to: 0.0.0.0:3000
External: http://192.168.1.8:3000
API:      http://localhost:3000/api
Health:   http://localhost:3000/api/health
Status:   Running in development mode
[2026-01-12T15:13:45.162Z] [INFO] 󰒄 WebSocket Server initialized and tied to HTTP server
[2026-01-12T15:13:45.227Z] [INFO] 󰚩 AI Engines initialized and healthy
[2026-01-12T15:14:15.178Z] [INFO] 🚀 [Python Bridge] Running ai_hub.py task: realtime/metric
[2026-01-12T15:14:45.187Z] [INFO] 🚀 [Python Bridge] Running ai_hub.py task: realtime/metric
[2026-01-12T15:15:15.187Z] [INFO] 🚀 [Python Bridge] Running ai_hub.py task: realtime/metric
[2026-01-12T15:15:37.359Z] [INFO] 🚀 [Python Bridge] Running ai_hub.py task: health
[2026-01-12T15:15:37.407Z] [INFO] BLACKONN E-Commerce Server Started
Local:    http://localhost:3000
Bound to: 0.0.0.0:3000
External: http://192.168.1.8:3000
API:      http://localhost:3000/api
Health:   http://localhost:3000/api/health
Status:   Running in development mode
[2026-01-12T15:15:37.439Z] [INFO] 󰒄 WebSocket Server initialized and tied to HTTP server
[2026-01-12T15:15:37.533Z] [INFO] 󰚩 AI Engines initialized and healthy
[2026-01-12T15:15:38.179Z] [INFO] 🚀 [Python Bridge] Running ai_hub.py task: analysis/insights
[2026-01-12T15:15:38.480Z] [INFO] 🚀 [Python Bridge] Running ai_hub.py task: security/scan
[2026-01-12T15:15:38.532Z] [INFO] 🚀 [Python Bridge] Running ai_hub.py task: analysis/insights
[2026-01-12T15:15:39.545Z] [INFO] 🚀 [Python Bridge] Running ai_hub.py task: analysis/insights
[2026-01-12T15:15:52.750Z] [INFO] 🚀 [Python Bridge] Running ai_hub.py task: analysis/insights
[2026-01-12T15:15:52.932Z] [INFO] 🚀 [Python Bridge] Running ai_hub.py task: security/scan
[2026-01-12T15:15:52.958Z] [INFO] 🚀 [Python Bridge] Running ai_hub.py task: analysis/insights
[2026-01-12T15:15:53.613Z] [INFO] 🚀 [Python Bridge] Running ai_hub.py task: analysis/insights
[2026-01-12T15:16:07.453Z] [INFO] 🚀 [Python Bridge] Running ai_hub.py task: realtime/metric
[2026-01-12T15:16:22.824Z] [INFO] 🚀 [Python Bridge] Running ai_hub.py task: analysis/insights
[2026-01-12T15:16:23.177Z] [INFO] 🚀 [Python Bridge] Running ai_hub.py task: security/scan
[2026-01-12T15:16:23.673Z] [INFO] 🚀 [Python Bridge] Running ai_hub.py task: analysis/insights
[2026-01-12T15:16:27.463Z] [INFO] 🚀 [Python Bridge] Running ai_hub.py task: health
[2026-01-12T15:16:27.534Z] [INFO] BLACKONN E-Commerce Server Started
Local:    http://localhost:3000
Bound to: 0.0.0.0:3000
External: http://192.168.1.8:3000
API:      http://localhost:3000/api
Health:   http://localhost:3000/api/health
Status:   Running in development mode
[2026-01-12T15:16:27.592Z] [INFO] 󰒄 WebSocket Server initialized and tied to HTTP server
[2026-01-12T15:16:27.721Z] [INFO] 󰚩 AI Engines initialized and healthy
[2026-01-12T15:16:36.548Z] [INFO] 🚀 [Python Bridge] Running ai_hub.py task: health
[2026-01-12T15:16:36.596Z] [INFO] BLACKONN E-Commerce Server Started
Local:    http://localhost:3000
Bound to: 0.0.0.0:3000
External: http://192.168.1.8:3000
API:      http://localhost:3000/api
Health:   http://localhost:3000/api/health
Status:   Running in development mode
[2026-01-12T15:16:36.630Z] [INFO] 󰒄 WebSocket Server initialized and tied to HTTP server
[2026-01-12T15:16:36.756Z] [INFO] 󰚩 AI Engines initialized and healthy
[2026-01-12T15:16:45.318Z] [INFO] 🚀 [Python Bridge] Running ai_hub.py task: health
[2026-01-12T15:16:45.377Z] [INFO] BLACKONN E-Commerce Server Started
Local:    http://localhost:3000
Bound to: 0.0.0.0:3000
External: http://192.168.1.8:3000
API:      http://localhost:3000/api
Health:   http://localhost:3000/api/health
Status:   Running in development mode
[2026-01-12T15:16:45.426Z] [INFO] 󰒄 WebSocket Server initialized and tied to HTTP server
[2026-01-12T15:16:45.532Z] [INFO] 󰚩 AI Engines initialized and healthy
[2026-01-12T15:16:56.855Z] [INFO] 🚀 [Python Bridge] Running ai_hub.py task: health
[2026-01-12T15:16:56.904Z] [INFO] BLACKONN E-Commerce Server Started
Local:    http://localhost:3000
Bound to: 0.0.0.0:3000
External: http://192.168.1.8:3000
API:      http://localhost:3000/api
Health:   http://localhost:3000/api/health
Status:   Running in development mode
[2026-01-12T15:16:56.938Z] [INFO] 󰒄 WebSocket Server initialized and tied to HTTP server
[2026-01-12T15:16:57.038Z] [INFO] 󰚩 AI Engines initialized and healthy
[2026-01-12T15:17:20.775Z] [INFO] 🚀 [Python Bridge] Running ai_hub.py task: health
[2026-01-12T15:17:20.820Z] [INFO] BLACKONN E-Commerce Server Started
Local:    http://localhost:3000
Bound to: 0.0.0.0:3000
External: http://192.168.1.8:3000
API:      http://localhost:3000/api
Health:   http://localhost:3000/api/health
Status:   Running in development mode
[2026-01-12T15:17:20.855Z] [INFO] 󰒄 WebSocket Server initialized and tied to HTTP server
[2026-01-12T15:17:20.919Z] [INFO] 󰚩 AI Engines initialized and healthy
[2026-01-12T15:17:24.005Z] [INFO] 🚀 [Python Bridge] Running ai_hub.py task: health
[2026-01-12T15:17:24.064Z] [INFO] BLACKONN E-Commerce Server Started
Local:    http://localhost:3000
Bound to: 0.0.0.0:3000
External: http://192.168.1.8:3000
API:      http://localhost:3000/api
Health:   http://localhost:3000/api/health
Status:   Running in development mode
[2026-01-12T15:17:24.100Z] [INFO] 󰒄 WebSocket Server initialized and tied to HTTP server
[2026-01-12T15:17:24.187Z] [INFO] 󰚩 AI Engines initialized and healthy
[2026-01-12T15:17:54.110Z] [INFO] 🚀 [Python Bridge] Running ai_hub.py task: realtime/metric
[2026-01-12T15:18:24.128Z] [INFO] 🚀 [Python Bridge] Running ai_hub.py task: realtime/metric
[2026-01-12T15:18:54.128Z] [INFO] 🚀 [Python Bridge] Running ai_hub.py task: realtime/metric
[2026-01-12T15:19:24.126Z] [INFO] 🚀 [Python Bridge] Running ai_hub.py task: realtime/metric
[2026-01-12T15:19:54.126Z] [INFO] 🚀 [Python Bridge] Running ai_hub.py task: realtime/metric
[2026-01-12T15:20:24.140Z] [INFO] 🚀 [Python Bridge] Running ai_hub.py task: realtime/metric
[2026-01-12T15:20:54.140Z] [INFO] 🚀 [Python Bridge] Running ai_hub.py task: realtime/metric
[2026-01-12T15:21:24.138Z] [INFO] 🚀 [Python Bridge] Running ai_hub.py task: realtime/metric
[2026-01-12T15:21:54.154Z] [INFO] 🚀 [Python Bridge] Running ai_hub.py task: realtime/metric
[2026-01-12T15:22:24.151Z] [INFO] 🚀 [Python Bridge] Running ai_hub.py task: realtime/metric
[2026-01-12T15:22:54.152Z] [INFO] 🚀 [Python Bridge] Running ai_hub.py task: realtime/metric
[2026-01-12T15:23:24.149Z] [INFO] 🚀 [Python Bridge] Running ai_hub.py task: realtime/metric
[2026-01-12T15:23:54.150Z] [INFO] 🚀 [Python Bridge] Running ai_hub.py task: realtime/metric
[2026-01-12T15:24:24.162Z] [INFO] 🚀 [Python Bridge] Running ai_hub.py task: realtime/metric
[2026-01-12T15:24:54.164Z] [INFO] 🚀 [Python Bridge] Running ai_hub.py task: realtime/metric
[2026-01-12T15:25:24.162Z] [INFO] 🚀 [Python Bridge] Running ai_hub.py task: realtime/metric
[2026-01-12T15:25:54.173Z] [INFO] 🚀 [Python Bridge] Running ai_hub.py task: realtime/metric
[2026-01-12T15:26:10.874Z] [INFO] 🚀 [Python Bridge] Running ai_hub.py task: health
[2026-01-12T15:26:10.909Z] [INFO] BLACKONN E-Commerce Server Started
Local:    http://localhost:3000
Bound to: 0.0.0.0:3000
External: http://192.168.1.8:3000
API:      http://localhost:3000/api
Health:   http://localhost:3000/api/health
Status:   Running in development mode
[2026-01-12T15:26:10.936Z] [INFO] 󰒄 WebSocket Server initialized and tied to HTTP server
[2026-01-12T15:26:10.991Z] [INFO] 󰚩 AI Engines initialized and healthy
[2026-01-12T15:28:00.740Z] [INFO] 🚀 [Python Bridge] Running ai_hub.py task: health
[2026-01-12T15:28:00.783Z] [INFO] BLACKONN E-Commerce Server Started
Local:    http://localhost:3000
Bound to: 0.0.0.0:3000
External: http://192.168.1.8:3000
API:      http://localhost:3000/api
Health:   http://localhost:3000/api/health
Status:   Running in development mode
[2026-01-12T15:28:00.810Z] [INFO] 󰒄 WebSocket Server initialized and tied to HTTP server
[2026-01-12T15:28:00.870Z] [INFO] 󰚩 AI Engines initialized and healthy
[2026-01-12T15:28:07.064Z] [INFO] 🚀 [Python Bridge] Running ai_hub.py task: health
[2026-01-12T15:28:07.123Z] [INFO] BLACKONN E-Commerce Server Started
Local:    http://localhost:3000
Bound to: 0.0.0.0:3000
External: http://192.168.1.8:3000
API:      http://localhost:3000/api
Health:   http://localhost:3000/api/health
Status:   Running in development mode
[2026-01-12T15:28:07.176Z] [INFO] 󰒄 WebSocket Server initialized and tied to HTTP server
[2026-01-12T15:28:07.330Z] [INFO] 󰚩 AI Engines initialized and healthy
[2026-01-12T15:28:37.184Z] [INFO] 🚀 [Python Bridge] Running ai_hub.py task: realtime/metric
[2026-01-12T15:28:44.634Z] [INFO] 🚀 [Python Bridge] Running ai_hub.py task: health
[2026-01-12T15:28:44.704Z] [INFO] BLACKONN E-Commerce Server Started
Local:    http://localhost:3000
Bound to: 0.0.0.0:3000
External: http://192.168.1.8:3000
API:      http://localhost:3000/api
Health:   http://localhost:3000/api/health
Status:   Running in development mode
[2026-01-12T15:28:44.756Z] [INFO] 󰒄 WebSocket Server initialized and tied to HTTP server
[2026-01-12T15:28:44.866Z] [INFO] 󰚩 AI Engines initialized and healthy
[2026-01-12T15:28:59.709Z] [INFO] 🚀 [Python Bridge] Running ai_hub.py task: health
[2026-01-12T15:28:59.755Z] [INFO] BLACKONN E-Commerce Server Started
Local:    http://localhost:3000
Bound to: 0.0.0.0:3000
External: http://192.168.1.8:3000
API:      http://localhost:3000/api
Health:   http://localhost:3000/api/health
Status:   Running in development mode
[2026-01-12T15:28:59.785Z] [INFO] 󰒄 WebSocket Server initialized and tied to HTTP server
[2026-01-12T15:28:59.890Z] [INFO] 󰚩 AI Engines initialized and healthy
[2026-01-12T15:29:29.796Z] [INFO] 🚀 [Python Bridge] Running ai_hub.py task: realtime/metric
[2026-01-12T15:29:59.804Z] [INFO] 🚀 [Python Bridge] Running ai_hub.py task: realtime/metric
[2026-01-12T15:30:29.820Z] [INFO] 🚀 [Python Bridge] Running ai_hub.py task: realtime/metric
[2026-01-12T15:30:58.427Z] [INFO] 🚀 [Python Bridge] Running ai_hub.py task: health
[2026-01-12T15:30:58.466Z] [INFO] BLACKONN E-Commerce Server Started
Local:    http://localhost:3000
Bound to: 0.0.0.0:3000
External: http://192.168.1.8:3000
API:      http://localhost:3000/api
Health:   http://localhost:3000/api/health
Status:   Running in development mode
[2026-01-12T15:30:58.496Z] [INFO] 󰒄 WebSocket Server initialized and tied to HTTP server
[2026-01-12T15:30:58.561Z] [INFO] 󰚩 AI Engines initialized and healthy
[2026-01-12T15:31:01.523Z] [INFO] 🚀 [Python Bridge] Running ai_hub.py task: health
[2026-01-12T15:31:01.583Z] [INFO] BLACKONN E-Commerce Server Started
Local:    http://localhost:3000
Bound to: 0.0.0.0:3000
External: http://192.168.1.8:3000
API:      http://localhost:3000/api
Health:   http://localhost:3000/api/health
Status:   Running in development mode
[2026-01-12T15:31:01.620Z] [INFO] 󰒄 WebSocket Server initialized and tied to HTTP server
[2026-01-12T15:31:01.743Z] [INFO] 󰚩 AI Engines initialized and healthy
[2026-01-12T15:31:17.748Z] [INFO] 🚀 [Python Bridge] Running ai_hub.py task: health
[2026-01-12T15:31:17.799Z] [INFO] BLACKONN E-Commerce Server Started
Local:    http://localhost:3000
Bound to: 0.0.0.0:3000
External: http://192.168.1.8:3000
API:      http://localhost:3000/api
Health:   http://localhost:3000/api/health
Status:   Running in development mode
[2026-01-12T15:31:17.844Z] [INFO] 󰒄 WebSocket Server initialized and tied to HTTP server
[2026-01-12T15:31:17.922Z] [INFO] 󰚩 AI Engines initialized and healthy
[2026-01-12T15:31:21.333Z] [INFO] 🚀 [Python Bridge] Running ai_hub.py task: health
[2026-01-12T15:31:21.381Z] [INFO] BLACKONN E-Commerce Server Started
Local:    http://localhost:3000
Bound to: 0.0.0.0:3000
External: http://192.168.1.8:3000
API:      http://localhost:3000/api
Health:   http://localhost:3000/api/health
Status:   Running in development mode
[2026-01-12T15:31:21.414Z] [INFO] 󰒄 WebSocket Server initialized and tied to HTTP server
[2026-01-12T15:31:21.482Z] [INFO] 󰚩 AI Engines initialized and healthy
[2026-01-12T15:31:24.768Z] [INFO] 🚀 [Python Bridge] Running ai_hub.py task: health
[2026-01-12T15:31:24.831Z] [INFO] BLACKONN E-Commerce Server Started
Local:    http://localhost:3000
Bound to: 0.0.0.0:3000
External: http://192.168.1.8:3000
API:      http://localhost:3000/api
Health:   http://localhost:3000/api/health
Status:   Running in development mode
[2026-01-12T15:31:24.877Z] [INFO] 󰒄 WebSocket Server initialized and tied to HTTP server
[2026-01-12T15:31:24.950Z] [INFO] 󰚩 AI Engines initialized and healthy
[2026-01-12T15:31:32.756Z] [INFO] 🚀 [Python Bridge] Running ai_hub.py task: health
[2026-01-12T15:31:32.817Z] [INFO] BLACKONN E-Commerce Server Started
Local:    http://localhost:3000
Bound to: 0.0.0.0:3000
External: http://192.168.1.8:3000
API:      http://localhost:3000/api
Health:   http://localhost:3000/api/health
Status:   Running in development mode
[2026-01-12T15:31:32.872Z] [INFO] 󰒄 WebSocket Server initialized and tied to HTTP server
[2026-01-12T15:31:33.183Z] [INFO] 󰚩 AI Engines initialized and healthy
[2026-01-12T15:31:38.177Z] [INFO] 🚀 [Python Bridge] Running ai_hub.py task: health
[2026-01-12T15:31:38.228Z] [INFO] BLACKONN E-Commerce Server Started
Local:    http://localhost:3000
Bound to: 0.0.0.0:3000
External: http://192.168.1.8:3000
API:      http://localhost:3000/api
Health:   http://localhost:3000/api/health
Status:   Running in development mode
[2026-01-12T15:31:38.268Z] [INFO] 󰒄 WebSocket Server initialized and tied to HTTP server
[2026-01-12T15:31:38.329Z] [INFO] 󰚩 AI Engines initialized and healthy
[2026-01-12T15:31:42.740Z] [INFO] 🚀 [Python Bridge] Running ai_hub.py task: health
[2026-01-12T15:31:42.813Z] [INFO] BLACKONN E-Commerce Server Started
Local:    http://localhost:3000
Bound to: 0.0.0.0:3000
External: http://192.168.1.8:3000
API:      http://localhost:3000/api
Health:   http://localhost:3000/api/health
Status:   Running in development mode
[2026-01-12T15:31:42.870Z] [INFO] 󰒄 WebSocket Server initialized and tied to HTTP server
[2026-01-12T15:31:42.975Z] [INFO] 󰚩 AI Engines initialized and healthy
[2026-01-12T15:32:12.883Z] [INFO] 🚀 [Python Bridge] Running ai_hub.py task: realtime/metric
[2026-01-12T15:32:42.882Z] [INFO] 🚀 [Python Bridge] Running ai_hub.py task: realtime/metric
[2026-01-12T15:33:12.883Z] [INFO] 🚀 [Python Bridge] Running ai_hub.py task: realtime/metric
[2026-01-12T15:33:42.882Z] [INFO] 🚀 [Python Bridge] Running ai_hub.py task: realtime/metric
[2026-01-12T15:34:12.897Z] [INFO] 🚀 [Python Bridge] Running ai_hub.py task: realtime/metric
[2026-01-12T15:34:42.896Z] [INFO] 🚀 [Python Bridge] Running ai_hub.py task: realtime/metric
[2026-01-12T15:35:12.897Z] [INFO] 🚀 [Python Bridge] Running ai_hub.py task: realtime/metric
[2026-01-12T15:35:25.419Z] [INFO] 🚀 [Python Bridge] Running ai_hub.py task: health
[2026-01-12T15:35:25.474Z] [INFO] BLACKONN E-Commerce Server Started
Local:    http://localhost:3000
Bound to: 0.0.0.0:3000
External: http://192.168.1.8:3000
API:      http://localhost:3000/api
Health:   http://localhost:3000/api/health
Status:   Running in development mode
[2026-01-12T15:35:25.517Z] [INFO] 󰒄 WebSocket Server initialized and tied to HTTP server
[2026-01-12T15:35:25.655Z] [INFO] 󰚩 AI Engines initialized and healthy
[2026-01-12T15:35:55.530Z] [INFO] 🚀 [Python Bridge] Running ai_hub.py task: realtime/metric
[2026-01-12T15:36:25.531Z] [INFO] 🚀 [Python Bridge] Running ai_hub.py task: realtime/metric
[2026-01-12T15:36:55.530Z] [INFO] 🚀 [Python Bridge] Running ai_hub.py task: realtime/metric
[2026-01-12T15:37:25.530Z] [INFO] 🚀 [Python Bridge] Running ai_hub.py task: realtime/metric
[2026-01-12T15:37:55.549Z] [INFO] 🚀 [Python Bridge] Running ai_hub.py task: realtime/metric
[2026-01-12T15:37:57.884Z] [INFO] 🚀 [Python Bridge] Running ai_hub.py task: health
[2026-01-12T15:37:57.930Z] [INFO] BLACKONN E-Commerce Server Started
Local:    http://localhost:3000
Bound to: 0.0.0.0:3000
External: http://192.168.1.8:3000
API:      http://localhost:3000/api
Health:   http://localhost:3000/api/health
Status:   Running in development mode
[2026-01-12T15:37:57.968Z] [INFO] 󰒄 WebSocket Server initialized and tied to HTTP server
[2026-01-12T15:37:58.037Z] [INFO] 󰚩 AI Engines initialized and healthy
[2026-01-12T15:38:27.971Z] [INFO] 🚀 [Python Bridge] Running ai_hub.py task: realtime/metric
[2026-01-12T15:38:57.971Z] [INFO] 🚀 [Python Bridge] Running ai_hub.py task: realtime/metric
[2026-01-12T15:39:27.988Z] [INFO] 🚀 [Python Bridge] Running ai_hub.py task: realtime/metric
[2026-01-12T15:39:57.996Z] [INFO] 🚀 [Python Bridge] Running ai_hub.py task: realtime/metric
[2026-01-12T15:40:27.997Z] [INFO] 🚀 [Python Bridge] Running ai_hub.py task: realtime/metric
[2026-01-12T15:40:58.001Z] [INFO] 🚀 [Python Bridge] Running ai_hub.py task: realtime/metric
[2026-01-12T15:41:28.000Z] [INFO] 🚀 [Python Bridge] Running ai_hub.py task: realtime/metric
[2026-01-12T15:41:58.000Z] [INFO] 🚀 [Python Bridge] Running ai_hub.py task: realtime/metric
[2026-01-12T15:42:27.998Z] [INFO] 🚀 [Python Bridge] Running ai_hub.py task: realtime/metric
[2026-01-12T15:42:57.998Z] [INFO] 🚀 [Python Bridge] Running ai_hub.py task: realtime/metric
[2026-01-12T15:43:27.998Z] [INFO] 🚀 [Python Bridge] Running ai_hub.py task: realtime/metric
[2026-01-12T15:43:58.001Z] [INFO] 🚀 [Python Bridge] Running ai_hub.py task: realtime/metric
[2026-01-12T15:44:28.003Z] [INFO] 🚀 [Python Bridge] Running ai_hub.py task: realtime/metric
[2026-01-12T15:44:58.011Z] [INFO] 🚀 [Python Bridge] Running ai_hub.py task: realtime/metric
[2026-01-12T15:45:28.012Z] [INFO] 🚀 [Python Bridge] Running ai_hub.py task: realtime/metric
[2026-01-12T15:45:58.021Z] [INFO] 🚀 [Python Bridge] Running ai_hub.py task: realtime/metric
[2026-01-12T15:46:28.027Z] [INFO] 🚀 [Python Bridge] Running ai_hub.py task: realtime/metric
[2026-01-12T15:46:58.026Z] [INFO] 🚀 [Python Bridge] Running ai_hub.py task: realtime/metric
[2026-01-12T15:47:28.041Z] [INFO] 🚀 [Python Bridge] Running ai_hub.py task: realtime/metric
[2026-01-12T15:47:58.041Z] [INFO] 🚀 [Python Bridge] Running ai_hub.py task: realtime/metric
[2026-01-12T15:48:28.042Z] [INFO] 🚀 [Python Bridge] Running ai_hub.py task: realtime/metric
[2026-01-12T15:48:58.049Z] [INFO] 🚀 [Python Bridge] Running ai_hub.py task: realtime/metric
[2026-01-12T15:49:28.052Z] [INFO] 🚀 [Python Bridge] Running ai_hub.py task: realtime/metric
[2026-01-12T15:49:51.185Z] [INFO] 🚀 [Python Bridge] Running ai_hub.py task: health
[2026-01-12T15:49:51.213Z] [INFO] BLACKONN E-Commerce Server Started
Local:    http://localhost:3000
Bound to: 0.0.0.0:3000
External: http://192.168.1.8:3000
API:      http://localhost:3000/api
Health:   http://localhost:3000/api/health
Status:   Running in development mode
[2026-01-12T15:49:51.233Z] [INFO] 󰒄 WebSocket Server initialized and tied to HTTP server
[2026-01-12T15:49:51.276Z] [INFO] 󰚩 AI Engines initialized and healthy
[2026-01-12T15:49:51.541Z] [INFO] 🚀 [Python Bridge] Running ai_hub.py task: analysis/insights
[2026-01-12T15:49:51.663Z] [INFO] 🚀 [Python Bridge] Running ai_hub.py task: security/scan
[2026-01-12T15:49:51.686Z] [INFO] 🚀 [Python Bridge] Running ai_hub.py task: analysis/insights
[2026-01-12T15:49:52.453Z] [INFO] 🚀 [Python Bridge] Running ai_hub.py task: analysis/insights
[2026-01-12T15:50:21.210Z] [INFO] 🚀 [Python Bridge] Running ai_hub.py task: analysis/insights
[2026-01-12T15:50:21.248Z] [INFO] 🚀 [Python Bridge] Running ai_hub.py task: realtime/metric
[2026-01-12T15:50:22.002Z] [INFO] 🚀 [Python Bridge] Running ai_hub.py task: security/scan
[2026-01-12T15:50:23.010Z] [INFO] 🚀 [Python Bridge] Running ai_hub.py task: analysis/insights
[2026-01-12T15:50:51.200Z] [INFO] 🚀 [Python Bridge] Running ai_hub.py task: analysis/insights
[2026-01-12T15:50:51.248Z] [INFO] 🚀 [Python Bridge] Running ai_hub.py task: realtime/metric
[2026-01-12T15:50:52.007Z] [INFO] 🚀 [Python Bridge] Running ai_hub.py task: security/scan
[2026-01-12T15:50:52.019Z] [INFO] 🚀 [Python Bridge] Running ai_hub.py task: analysis/insights
[2026-01-12T15:51:21.187Z] [INFO] 🚀 [Python Bridge] Running ai_hub.py task: analysis/insights
[2026-01-12T15:51:21.253Z] [INFO] 🚀 [Python Bridge] Running ai_hub.py task: realtime/metric
[2026-01-12T15:51:21.990Z] [INFO] 🚀 [Python Bridge] Running ai_hub.py task: security/scan
[2026-01-12T15:51:23.004Z] [INFO] 🚀 [Python Bridge] Running ai_hub.py task: analysis/insights
[2026-01-12T15:51:51.016Z] [INFO] 🚀 [Python Bridge] Running ai_hub.py task: analysis/insights
[2026-01-12T15:51:51.249Z] [INFO] 🚀 [Python Bridge] Running ai_hub.py task: realtime/metric
[2026-01-12T15:51:51.445Z] [INFO] 🚀 [Python Bridge] Running ai_hub.py task: analysis/insights
[2026-01-12T15:51:51.530Z] [INFO] 🚀 [Python Bridge] Running ai_hub.py task: analysis/insights
[2026-01-12T15:51:51.996Z] [INFO] 🚀 [Python Bridge] Running ai_hub.py task: security/scan
[2026-01-12T15:51:52.009Z] [INFO] 🚀 [Python Bridge] Running ai_hub.py task: analysis/insights
[2026-01-12T15:52:21.165Z] [INFO] 🚀 [Python Bridge] Running ai_hub.py task: analysis/insights
[2026-01-12T15:52:21.251Z] [INFO] 🚀 [Python Bridge] Running ai_hub.py task: realtime/metric
[2026-01-12T15:52:21.999Z] [INFO] 🚀 [Python Bridge] Running ai_hub.py task: security/scan
[2026-01-12T15:52:22.013Z] [INFO] 🚀 [Python Bridge] Running ai_hub.py task: analysis/insights
[2026-01-12T15:52:51.257Z] [INFO] 🚀 [Python Bridge] Running ai_hub.py task: realtime/metric
[2026-01-12T15:52:51.302Z] [INFO] 🚀 [Python Bridge] Running ai_hub.py task: analysis/insights
[2026-01-12T15:53:21.263Z] [INFO] 🚀 [Python Bridge] Running ai_hub.py task: realtime/metric
[2026-01-12T15:53:49.018Z] [INFO] 🚀 [Python Bridge] Running ai_hub.py task: security/scan
[2026-01-12T15:53:49.035Z] [INFO] 🚀 [Python Bridge] Running ai_hub.py task: analysis/insights
[2026-01-12T15:53:49.375Z] [INFO] 🚀 [Python Bridge] Running ai_hub.py task: analysis/insights
[2026-01-12T15:53:51.019Z] [INFO] 🚀 [Python Bridge] Running ai_hub.py task: analysis/insights
[2026-01-12T15:53:51.263Z] [INFO] 🚀 [Python Bridge] Running ai_hub.py task: realtime/metric
[2026-01-12T15:53:51.350Z] [INFO] 🚀 [Python Bridge] Running ai_hub.py task: analysis/insights
[2026-01-12T15:54:21.274Z] [INFO] 🚀 [Python Bridge] Running ai_hub.py task: realtime/metric
[2026-01-12T15:54:49.015Z] [INFO] 🚀 [Python Bridge] Running ai_hub.py task: security/scan
[2026-01-12T15:54:49.027Z] [INFO] 🚀 [Python Bridge] Running ai_hub.py task: analysis/insights
[2026-01-12T15:54:49.452Z] [INFO] 🚀 [Python Bridge] Running ai_hub.py task: analysis/insights
[2026-01-12T15:54:51.283Z] [INFO] 🚀 [Python Bridge] Running ai_hub.py task: realtime/metric
[2026-01-12T15:55:21.284Z] [INFO] 🚀 [Python Bridge] Running ai_hub.py task: realtime/metric
[2026-01-12T15:55:49.012Z] [INFO] 🚀 [Python Bridge] Running ai_hub.py task: security/scan
[2026-01-12T15:55:49.024Z] [INFO] 🚀 [Python Bridge] Running ai_hub.py task: analysis/insights
[2026-01-12T15:55:49.477Z] [INFO] 🚀 [Python Bridge] Running ai_hub.py task: analysis/insights
[2026-01-12T15:55:51.017Z] [INFO] 🚀 [Python Bridge] Running ai_hub.py task: analysis/insights
[2026-01-12T15:55:51.283Z] [INFO] 🚀 [Python Bridge] Running ai_hub.py task: realtime/metric
[2026-01-12T15:55:51.366Z] [INFO] 🚀 [Python Bridge] Running ai_hub.py task: analysis/insights
[2026-01-12T15:56:21.289Z] [INFO] 🚀 [Python Bridge] Running ai_hub.py task: realtime/metric
[2026-01-12T15:56:49.313Z] [INFO] 🚀 [Python Bridge] Running ai_hub.py task: security/scan
[2026-01-12T15:56:49.322Z] [INFO] 🚀 [Python Bridge] Running ai_hub.py task: analysis/insights
[2026-01-12T15:56:49.669Z] [INFO] 🚀 [Python Bridge] Running ai_hub.py task: analysis/insights
[2026-01-12T15:56:51.295Z] [INFO] 🚀 [Python Bridge] Running ai_hub.py task: realtime/metric
[2026-01-12T15:57:21.297Z] [INFO] 🚀 [Python Bridge] Running ai_hub.py task: realtime/metric
[2026-01-12T15:57:49.002Z] [INFO] 🚀 [Python Bridge] Running ai_hub.py task: security/scan
[2026-01-12T15:57:49.012Z] [INFO] 🚀 [Python Bridge] Running ai_hub.py task: analysis/insights
[2026-01-12T15:57:49.439Z] [INFO] 🚀 [Python Bridge] Running ai_hub.py task: analysis/insights
[2026-01-12T15:57:51.014Z] [INFO] 🚀 [Python Bridge] Running ai_hub.py task: analysis/insights
[2026-01-12T15:57:51.300Z] [INFO] 🚀 [Python Bridge] Running ai_hub.py task: realtime/metric
[2026-01-12T15:57:51.355Z] [INFO] 🚀 [Python Bridge] Running ai_hub.py task: analysis/insights
[2026-01-12T15:58:21.302Z] [INFO] 🚀 [Python Bridge] Running ai_hub.py task: realtime/metric
[2026-01-12T15:58:48.998Z] [INFO] 🚀 [Python Bridge] Running ai_hub.py task: security/scan
[2026-01-12T15:58:49.009Z] [INFO] 🚀 [Python Bridge] Running ai_hub.py task: analysis/insights
[2026-01-12T15:58:49.446Z] [INFO] 🚀 [Python Bridge] Running ai_hub.py task: analysis/insights
[2026-01-12T15:58:51.301Z] [INFO] 🚀 [Python Bridge] Running ai_hub.py task: realtime/metric
[2026-01-12T15:59:21.313Z] [INFO] 🚀 [Python Bridge] Running ai_hub.py task: realtime/metric
[2026-01-12T15:59:48.994Z] [INFO] 🚀 [Python Bridge] Running ai_hub.py task: security/scan
[2026-01-12T15:59:49.005Z] [INFO] 🚀 [Python Bridge] Running ai_hub.py task: analysis/insights
[2026-01-12T15:59:49.336Z] [INFO] 🚀 [Python Bridge] Running ai_hub.py task: analysis/insights
[2026-01-12T15:59:51.024Z] [INFO] 🚀 [Python Bridge] Running ai_hub.py task: analysis/insights
[2026-01-12T15:59:51.306Z] [INFO] 🚀 [Python Bridge] Running ai_hub.py task: realtime/metric
[2026-01-12T15:59:51.344Z] [INFO] 🚀 [Python Bridge] Running ai_hub.py task: analysis/insights
[2026-01-12T16:00:21.311Z] [INFO] 🚀 [Python Bridge] Running ai_hub.py task: realtime/metric
[2026-01-12T16:00:48.989Z] [INFO] 🚀 [Python Bridge] Running ai_hub.py task: security/scan
[2026-01-12T16:00:49.002Z] [INFO] 🚀 [Python Bridge] Running ai_hub.py task: analysis/insights
[2026-01-12T16:00:49.418Z] [INFO] 🚀 [Python Bridge] Running ai_hub.py task: analysis/insights
[2026-01-12T16:00:51.327Z] [INFO] 🚀 [Python Bridge] Running ai_hub.py task: realtime/metric
[2026-01-12T16:01:21.335Z] [INFO] 🚀 [Python Bridge] Running ai_hub.py task: realtime/metric
[2026-01-12T16:01:49.004Z] [INFO] 🚀 [Python Bridge] Running ai_hub.py task: security/scan
[2026-01-12T16:01:49.016Z] [INFO] 🚀 [Python Bridge] Running ai_hub.py task: analysis/insights
[2026-01-12T16:01:49.422Z] [INFO] 🚀 [Python Bridge] Running ai_hub.py task: analysis/insights
[2026-01-12T16:01:51.014Z] [INFO] 🚀 [Python Bridge] Running ai_hub.py task: analysis/insights
[2026-01-12T16:01:51.328Z] [INFO] 🚀 [Python Bridge] Running ai_hub.py task: analysis/insights
[2026-01-12T16:01:51.334Z] [INFO] 🚀 [Python Bridge] Running ai_hub.py task: realtime/metric
[2026-01-12T16:02:21.341Z] [INFO] 🚀 [Python Bridge] Running ai_hub.py task: realtime/metric
[2026-01-12T16:02:48.996Z] [INFO] 🚀 [Python Bridge] Running ai_hub.py task: security/scan
[2026-01-12T16:02:49.007Z] [INFO] 🚀 [Python Bridge] Running ai_hub.py task: analysis/insights
[2026-01-12T16:02:49.372Z] [INFO] 🚀 [Python Bridge] Running ai_hub.py task: analysis/insights
[2026-01-12T16:02:51.346Z] [INFO] 🚀 [Python Bridge] Running ai_hub.py task: realtime/metric
[2026-01-12T16:03:21.353Z] [INFO] 🚀 [Python Bridge] Running ai_hub.py task: realtime/metric
[2026-01-12T16:03:49.005Z] [INFO] 🚀 [Python Bridge] Running ai_hub.py task: security/scan
[2026-01-12T16:03:49.015Z] [INFO] 🚀 [Python Bridge] Running ai_hub.py task: analysis/insights
[2026-01-12T16:03:49.394Z] [INFO] 🚀 [Python Bridge] Running ai_hub.py task: analysis/insights
[2026-01-12T16:03:51.365Z] [INFO] 🚀 [Python Bridge] Running ai_hub.py task: realtime/metric
[2026-01-12T16:04:21.366Z] [INFO] 🚀 [Python Bridge] Running ai_hub.py task: realtime/metric
[2026-01-12T16:04:49.002Z] [INFO] 🚀 [Python Bridge] Running ai_hub.py task: security/scan
[2026-01-12T16:04:49.013Z] [INFO] 🚀 [Python Bridge] Running ai_hub.py task: analysis/insights
[2026-01-12T16:04:49.059Z] [INFO] 🚀 [Python Bridge] Running ai_hub.py task: analysis/insights
[2026-01-12T16:04:49.690Z] [INFO] 🚀 [Python Bridge] Running ai_hub.py task: analysis/insights
[2026-01-12T16:04:49.772Z] [INFO] 🚀 [Python Bridge] Running ai_hub.py task: analysis/insights
[2026-01-12T16:04:51.370Z] [INFO] 🚀 [Python Bridge] Running ai_hub.py task: realtime/metric
[2026-01-12T16:05:21.385Z] [INFO] 🚀 [Python Bridge] Running ai_hub.py task: realtime/metric
[2026-01-12T16:05:49.003Z] [INFO] 🚀 [Python Bridge] Running ai_hub.py task: security/scan
[2026-01-12T16:05:49.012Z] [INFO] 🚀 [Python Bridge] Running ai_hub.py task: analysis/insights
[2026-01-12T16:05:49.388Z] [INFO] 🚀 [Python Bridge] Running ai_hub.py task: analysis/insights
[2026-01-12T16:05:51.389Z] [INFO] 🚀 [Python Bridge] Running ai_hub.py task: realtime/metric
[2026-01-12T16:06:21.401Z] [INFO] 🚀 [Python Bridge] Running ai_hub.py task: realtime/metric
[2026-01-12T16:06:48.996Z] [INFO] 🚀 [Python Bridge] Running ai_hub.py task: security/scan
[2026-01-12T16:06:49.009Z] [INFO] 🚀 [Python Bridge] Running ai_hub.py task: analysis/insights
[2026-01-12T16:06:49.053Z] [INFO] 🚀 [Python Bridge] Running ai_hub.py task: analysis/insights
[2026-01-12T16:06:49.773Z] [INFO] 🚀 [Python Bridge] Running ai_hub.py task: analysis/insights
[2026-01-12T16:06:49.867Z] [INFO] 🚀 [Python Bridge] Running ai_hub.py task: analysis/insights
[2026-01-12T16:06:51.422Z] [INFO] 🚀 [Python Bridge] Running ai_hub.py task: realtime/metric
[2026-01-12T16:07:21.427Z] [INFO] 🚀 [Python Bridge] Running ai_hub.py task: realtime/metric
[2026-01-12T16:07:48.997Z] [INFO] 🚀 [Python Bridge] Running ai_hub.py task: security/scan
[2026-01-12T16:07:49.007Z] [INFO] 🚀 [Python Bridge] Running ai_hub.py task: analysis/insights
[2026-01-12T16:07:49.351Z] [INFO] 🚀 [Python Bridge] Running ai_hub.py task: analysis/insights
[2026-01-12T16:07:51.426Z] [INFO] 🚀 [Python Bridge] Running ai_hub.py task: realtime/metric
[2026-01-12T16:08:21.428Z] [INFO] 🚀 [Python Bridge] Running ai_hub.py task: realtime/metric
[2026-01-12T16:08:48.994Z] [INFO] 🚀 [Python Bridge] Running ai_hub.py task: security/scan
[2026-01-12T16:08:49.004Z] [INFO] 🚀 [Python Bridge] Running ai_hub.py task: analysis/insights
[2026-01-12T16:08:49.048Z] [INFO] 🚀 [Python Bridge] Running ai_hub.py task: analysis/insights
[2026-01-12T16:08:49.696Z] [INFO] 🚀 [Python Bridge] Running ai_hub.py task: analysis/insights
[2026-01-12T16:08:49.779Z] [INFO] 🚀 [Python Bridge] Running ai_hub.py task: analysis/insights
[2026-01-12T16:08:51.441Z] [INFO] 🚀 [Python Bridge] Running ai_hub.py task: realtime/metric
[2026-01-12T16:09:21.453Z] [INFO] 🚀 [Python Bridge] Running ai_hub.py task: realtime/metric
[2026-01-12T16:09:48.983Z] [INFO] 🚀 [Python Bridge] Running ai_hub.py task: security/scan
[2026-01-12T16:09:48.994Z] [INFO] 🚀 [Python Bridge] Running ai_hub.py task: analysis/insights
[2026-01-12T16:09:49.357Z] [INFO] 🚀 [Python Bridge] Running ai_hub.py task: analysis/insights
[2026-01-12T16:09:51.461Z] [INFO] 🚀 [Python Bridge] Running ai_hub.py task: realtime/metric
[2026-01-12T16:10:21.466Z] [INFO] 🚀 [Python Bridge] Running ai_hub.py task: realtime/metric
[2026-01-12T16:10:48.995Z] [INFO] 🚀 [Python Bridge] Running ai_hub.py task: security/scan
[2026-01-12T16:10:49.006Z] [INFO] 🚀 [Python Bridge] Running ai_hub.py task: analysis/insights
[2026-01-12T16:10:49.053Z] [INFO] 🚀 [Python Bridge] Running ai_hub.py task: analysis/insights
[2026-01-12T16:10:49.664Z] [INFO] 🚀 [Python Bridge] Running ai_hub.py task: analysis/insights
[2026-01-12T16:10:49.740Z] [INFO] 🚀 [Python Bridge] Running ai_hub.py task: analysis/insights
[2026-01-12T16:10:51.471Z] [INFO] 🚀 [Python Bridge] Running ai_hub.py task: realtime/metric
[2026-01-12T16:11:21.472Z] [INFO] 🚀 [Python Bridge] Running ai_hub.py task: realtime/metric
[2026-01-12T16:11:48.994Z] [INFO] 🚀 [Python Bridge] Running ai_hub.py task: security/scan
[2026-01-12T16:11:49.005Z] [INFO] 🚀 [Python Bridge] Running ai_hub.py task: analysis/insights
[2026-01-12T16:11:49.407Z] [INFO] 🚀 [Python Bridge] Running ai_hub.py task: analysis/insights
[2026-01-12T16:11:51.479Z] [INFO] 🚀 [Python Bridge] Running ai_hub.py task: realtime/metric
[2026-01-12T16:12:21.479Z] [INFO] 🚀 [Python Bridge] Running ai_hub.py task: realtime/metric
[2026-01-12T16:12:49.000Z] [INFO] 🚀 [Python Bridge] Running ai_hub.py task: security/scan
[2026-01-12T16:12:49.016Z] [INFO] 🚀 [Python Bridge] Running ai_hub.py task: analysis/insights
[2026-01-12T16:12:49.077Z] [INFO] 🚀 [Python Bridge] Running ai_hub.py task: analysis/insights
[2026-01-12T16:12:49.857Z] [INFO] 🚀 [Python Bridge] Running ai_hub.py task: analysis/insights
[2026-01-12T16:12:49.964Z] [INFO] 🚀 [Python Bridge] Running ai_hub.py task: analysis/insights
[2026-01-12T16:12:49.987Z] [INFO] 🚀 [Python Bridge] Running ai_hub.py task: security/scan
[2026-01-12T16:12:50.981Z] [INFO] 🚀 [Python Bridge] Running ai_hub.py task: analysis/insights
[2026-01-12T16:12:51.483Z] [INFO] 🚀 [Python Bridge] Running ai_hub.py task: realtime/metric
[2026-01-12T16:13:03.327Z] [INFO] 🚀 [Python Bridge] Running ai_hub.py task: analysis/insights
[2026-01-12T16:13:03.487Z] [INFO] 🚀 [Python Bridge] Running ai_hub.py task: security/scan
[2026-01-12T16:13:03.512Z] [INFO] 🚀 [Python Bridge] Running ai_hub.py task: analysis/insights
[2026-01-12T16:13:04.122Z] [INFO] 🚀 [Python Bridge] Running ai_hub.py task: analysis/insights
[2026-01-12T16:13:10.236Z] [INFO] 🚀 [Python Bridge] Running ai_hub.py task: health
[2026-01-12T16:13:10.270Z] [INFO] BLACKONN E-Commerce Server Started
Local:    http://localhost:3000
Bound to: 0.0.0.0:3000
External: http://192.168.1.8:3000
API:      http://localhost:3000/api
Health:   http://localhost:3000/api/health
Status:   Running in development mode
[2026-01-12T16:13:10.296Z] [INFO] 󰒄 WebSocket Server initialized and tied to HTTP server
[2026-01-12T16:13:10.341Z] [INFO] 󰚩 AI Engines initialized and healthy
[2026-01-12T16:13:12.759Z] [INFO] 🚀 [Python Bridge] Running ai_hub.py task: health
[2026-01-12T16:13:12.796Z] [INFO] BLACKONN E-Commerce Server Started
Local:    http://localhost:3000
Bound to: 0.0.0.0:3000
External: http://192.168.1.8:3000
API:      http://localhost:3000/api
Health:   http://localhost:3000/api/health
Status:   Running in development mode
[2026-01-12T16:13:12.818Z] [INFO] 󰒄 WebSocket Server initialized and tied to HTTP server
[2026-01-12T16:13:12.885Z] [INFO] 󰚩 AI Engines initialized and healthy
[2026-01-12T16:13:23.991Z] [INFO] 🚀 [Python Bridge] Running ai_hub.py task: health
[2026-01-12T16:13:24.026Z] [INFO] BLACKONN E-Commerce Server Started
Local:    http://localhost:3000
Bound to: 0.0.0.0:3000
External: http://192.168.1.8:3000
API:      http://localhost:3000/api
Health:   http://localhost:3000/api/health
Status:   Running in development mode
[2026-01-12T16:13:24.083Z] [INFO] 󰒄 WebSocket Server initialized and tied to HTTP server
[2026-01-12T16:13:24.204Z] [INFO] 󰚩 AI Engines initialized and healthy
[2026-01-12T16:13:32.611Z] [INFO] 🚀 [Python Bridge] Running ai_hub.py task: health
[2026-01-12T16:13:32.650Z] [INFO] BLACKONN E-Commerce Server Started
Local:    http://localhost:3000
Bound to: 0.0.0.0:3000
External: http://192.168.1.8:3000
API:      http://localhost:3000/api
Health:   http://localhost:3000/api/health
Status:   Running in development mode
[2026-01-12T16:13:32.676Z] [INFO] 󰒄 WebSocket Server initialized and tied to HTTP server
[2026-01-12T16:13:32.738Z] [INFO] 󰚩 AI Engines initialized and healthy
[2026-01-12T16:14:02.687Z] [INFO] 🚀 [Python Bridge] Running ai_hub.py task: realtime/metric
[2026-01-12T16:14:32.710Z] [INFO] 🚀 [Python Bridge] Running ai_hub.py task: realtime/metric
[2026-01-12T16:15:02.711Z] [INFO] 🚀 [Python Bridge] Running ai_hub.py task: realtime/metric
[2026-01-12T16:15:32.710Z] [INFO] 🚀 [Python Bridge] Running ai_hub.py task: realtime/metric
[2026-01-12T16:16:02.710Z] [INFO] 🚀 [Python Bridge] Running ai_hub.py task: realtime/metric
[2026-01-12T16:16:26.939Z] [INFO] 🚀 [Python Bridge] Running ai_hub.py task: health
[2026-01-12T16:16:26.996Z] [INFO] BLACKONN E-Commerce Server Started
Local:    http://localhost:3000
Bound to: 0.0.0.0:3000
External: http://192.168.1.8:3000
API:      http://localhost:3000/api
Health:   http://localhost:3000/api/health
Status:   Running in development mode
[2026-01-12T16:16:27.041Z] [INFO] 󰒄 WebSocket Server initialized and tied to HTTP server
[2026-01-12T16:16:27.153Z] [INFO] 󰚩 AI Engines initialized and healthy
[2026-01-12T16:16:30.856Z] [INFO] 🚀 [Python Bridge] Running ai_hub.py task: health
[2026-01-12T16:16:30.888Z] [INFO] BLACKONN E-Commerce Server Started
Local:    http://localhost:3000
Bound to: 0.0.0.0:3000
External: http://192.168.1.8:3000
API:      http://localhost:3000/api
Health:   http://localhost:3000/api/health
Status:   Running in development mode
[2026-01-12T16:16:30.910Z] [INFO] 󰒄 WebSocket Server initialized and tied to HTTP server
[2026-01-12T16:16:30.969Z] [INFO] 󰚩 AI Engines initialized and healthy
[2026-01-12T16:17:00.917Z] [INFO] 🚀 [Python Bridge] Running ai_hub.py task: realtime/metric
[2026-01-12T16:17:30.926Z] [INFO] 🚀 [Python Bridge] Running ai_hub.py task: realtime/metric
[2026-01-12T16:18:00.925Z] [INFO] 🚀 [Python Bridge] Running ai_hub.py task: realtime/metric
[2026-01-12T16:18:30.941Z] [INFO] 🚀 [Python Bridge] Running ai_hub.py task: realtime/metric
[2026-01-12T16:19:00.940Z] [INFO] 🚀 [Python Bridge] Running ai_hub.py task: realtime/metric
[2026-01-12T16:19:30.941Z] [INFO] 🚀 [Python Bridge] Running ai_hub.py task: realtime/metric
[2026-01-12T16:20:00.941Z] [INFO] 🚀 [Python Bridge] Running ai_hub.py task: realtime/metric
[2026-01-12T16:20:30.940Z] [INFO] 🚀 [Python Bridge] Running ai_hub.py task: realtime/metric
[2026-01-12T16:21:00.939Z] [INFO] 🚀 [Python Bridge] Running ai_hub.py task: realtime/metric
[2026-01-12T16:21:30.940Z] [INFO] 🚀 [Python Bridge] Running ai_hub.py task: realtime/metric
[2026-01-12T16:22:00.942Z] [INFO] 🚀 [Python Bridge] Running ai_hub.py task: realtime/metric
[2026-01-12T16:22:30.957Z] [INFO] 🚀 [Python Bridge] Running ai_hub.py task: realtime/metric
[2026-01-12T16:23:00.972Z] [INFO] 🚀 [Python Bridge] Running ai_hub.py task: realtime/metric
[2026-01-12T16:23:30.973Z] [INFO] 🚀 [Python Bridge] Running ai_hub.py task: realtime/metric
[2026-01-12T16:24:00.988Z] [INFO] 🚀 [Python Bridge] Running ai_hub.py task: realtime/metric
[2026-01-12T16:24:30.988Z] [INFO] 🚀 [Python Bridge] Running ai_hub.py task: realtime/metric
[2026-01-12T16:25:01.003Z] [INFO] 🚀 [Python Bridge] Running ai_hub.py task: realtime/metric
[2026-01-12T16:25:31.003Z] [INFO] 🚀 [Python Bridge] Running ai_hub.py task: realtime/metric
[2026-01-12T16:26:01.019Z] [INFO] 🚀 [Python Bridge] Running ai_hub.py task: realtime/metric
[2026-01-12T16:26:31.020Z] [INFO] 🚀 [Python Bridge] Running ai_hub.py task: realtime/metric
[2026-01-12T16:27:01.020Z] [INFO] 🚀 [Python Bridge] Running ai_hub.py task: realtime/metric
[2026-01-12T16:27:31.021Z] [INFO] 🚀 [Python Bridge] Running ai_hub.py task: realtime/metric
[2026-01-12T16:28:01.034Z] [INFO] 🚀 [Python Bridge] Running ai_hub.py task: realtime/metric
[2026-01-12T16:28:24.452Z] [INFO] 🚀 [Python Bridge] Running ai_hub.py task: health
[2026-01-12T16:28:24.499Z] [INFO] BLACKONN E-Commerce Server Started
Local:    http://localhost:3000
Bound to: 0.0.0.0:3000
External: http://192.168.1.8:3000
API:      http://localhost:3000/api
Health:   http://localhost:3000/api/health
Status:   Running in development mode
[2026-01-12T16:28:24.528Z] [INFO] 󰒄 WebSocket Server initialized and tied to HTTP server
[2026-01-12T16:28:24.595Z] [INFO] 󰚩 AI Engines initialized and healthy
[2026-01-12T16:28:54.533Z] [INFO] 🚀 [Python Bridge] Running ai_hub.py task: realtime/metric
[2026-01-12T16:29:24.537Z] [INFO] 🚀 [Python Bridge] Running ai_hub.py task: realtime/metric
[2026-01-12T16:29:54.545Z] [INFO] 🚀 [Python Bridge] Running ai_hub.py task: realtime/metric
[2026-01-12T16:30:24.552Z] [INFO] 🚀 [Python Bridge] Running ai_hub.py task: realtime/metric
[2026-01-12T16:30:54.568Z] [INFO] 🚀 [Python Bridge] Running ai_hub.py task: realtime/metric
[2026-01-12T16:31:24.567Z] [INFO] 🚀 [Python Bridge] Running ai_hub.py task: realtime/metric
[2026-01-12T16:31:54.567Z] [INFO] 🚀 [Python Bridge] Running ai_hub.py task: realtime/metric
[2026-01-12T16:32:24.567Z] [INFO] 🚀 [Python Bridge] Running ai_hub.py task: realtime/metric
[2026-01-12T16:32:54.579Z] [INFO] 🚀 [Python Bridge] Running ai_hub.py task: realtime/metric
[2026-01-12T16:33:24.582Z] [INFO] 🚀 [Python Bridge] Running ai_hub.py task: realtime/metric
[2026-01-12T16:33:54.590Z] [INFO] 🚀 [Python Bridge] Running ai_hub.py task: realtime/metric
[2026-01-12T16:34:24.590Z] [INFO] 🚀 [Python Bridge] Running ai_hub.py task: realtime/metric
[2026-01-12T16:34:55.626Z] [INFO] 🚀 [Python Bridge] Running ai_hub.py task: health
[2026-01-12T16:34:55.687Z] [INFO] BLACKONN E-Commerce Server Started
Local:    http://localhost:3000
Bound to: 0.0.0.0:3000
External: http://192.168.1.8:3000
API:      http://localhost:3000/api
Health:   http://localhost:3000/api/health
Status:   Running in development mode
[2026-01-12T16:34:55.731Z] [INFO] 󰒄 WebSocket Server initialized and tied to HTTP server
[2026-01-12T16:34:55.833Z] [INFO] 󰚩 AI Engines initialized and healthy
[2026-01-12T16:35:25.737Z] [INFO] 🚀 [Python Bridge] Running ai_hub.py task: realtime/metric
[2026-01-12T16:35:55.757Z] [INFO] 🚀 [Python Bridge] Running ai_hub.py task: realtime/metric
[2026-01-12T16:36:25.762Z] [INFO] 🚀 [Python Bridge] Running ai_hub.py task: realtime/metric
[2026-01-12T16:36:49.432Z] [INFO] 🚀 [Python Bridge] Running ai_hub.py task: health
[2026-01-12T16:36:49.466Z] [INFO] BLACKONN E-Commerce Server Started
Local:    http://localhost:3000
Bound to: 0.0.0.0:3000
External: http://192.168.1.8:3000
API:      http://localhost:3000/api
Health:   http://localhost:3000/api/health
Status:   Running in development mode
[2026-01-12T16:36:49.495Z] [INFO] 󰒄 WebSocket Server initialized and tied to HTTP server
[2026-01-12T16:36:49.622Z] [INFO] 󰚩 AI Engines initialized and healthy
[2026-01-12T16:37:19.497Z] [INFO] 🚀 [Python Bridge] Running ai_hub.py task: realtime/metric
[2026-01-12T16:37:49.519Z] [INFO] 🚀 [Python Bridge] Running ai_hub.py task: realtime/metric
[2026-01-12T16:37:53.072Z] [INFO] 🚀 [Python Bridge] Running ai_hub.py task: health
[2026-01-12T16:37:53.108Z] [INFO] BLACKONN E-Commerce Server Started
Local:    http://localhost:3000
Bound to: 0.0.0.0:3000
External: http://192.168.1.8:3000
API:      http://localhost:3000/api
Health:   http://localhost:3000/api/health
Status:   Running in development mode
[2026-01-12T16:37:53.138Z] [INFO] 󰒄 WebSocket Server initialized and tied to HTTP server
[2026-01-12T16:37:53.205Z] [INFO] 󰚩 AI Engines initialized and healthy
[2026-01-12T16:38:23.145Z] [INFO] 🚀 [Python Bridge] Running ai_hub.py task: realtime/metric
[2026-01-12T16:38:53.152Z] [INFO] 🚀 [Python Bridge] Running ai_hub.py task: realtime/metric
[2026-01-12T16:39:23.153Z] [INFO] 🚀 [Python Bridge] Running ai_hub.py task: realtime/metric
[2026-01-12T16:39:53.162Z] [INFO] 🚀 [Python Bridge] Running ai_hub.py task: realtime/metric
[2026-01-12T16:40:23.164Z] [INFO] 🚀 [Python Bridge] Running ai_hub.py task: realtime/metric
[2026-01-12T16:40:53.174Z] [INFO] 🚀 [Python Bridge] Running ai_hub.py task: realtime/metric
[2026-01-12T16:41:23.174Z] [INFO] 🚀 [Python Bridge] Running ai_hub.py task: realtime/metric
[2026-01-12T16:41:53.177Z] [INFO] 🚀 [Python Bridge] Running ai_hub.py task: realtime/metric
[2026-01-12T16:42:23.184Z] [INFO] 🚀 [Python Bridge] Running ai_hub.py task: realtime/metric
[2026-01-12T16:42:53.189Z] [INFO] 🚀 [Python Bridge] Running ai_hub.py task: realtime/metric
[2026-01-12T16:43:23.193Z] [INFO] 🚀 [Python Bridge] Running ai_hub.py task: realtime/metric
[2026-01-12T16:43:53.194Z] [INFO] 🚀 [Python Bridge] Running ai_hub.py task: realtime/metric
[2026-01-12T16:44:23.209Z] [INFO] 🚀 [Python Bridge] Running ai_hub.py task: realtime/metric
[2026-01-12T16:44:53.211Z] [INFO] 🚀 [Python Bridge] Running ai_hub.py task: realtime/metric
[2026-01-12T16:45:23.211Z] [INFO] 🚀 [Python Bridge] Running ai_hub.py task: realtime/metric
[2026-01-12T16:45:53.211Z] [INFO] 🚀 [Python Bridge] Running ai_hub.py task: realtime/metric
[2026-01-12T16:46:23.229Z] [INFO] 🚀 [Python Bridge] Running ai_hub.py task: realtime/metric
[2026-01-12T16:46:26.024Z] [INFO] 🚀 [Python Bridge] Running ai_hub.py task: health
[2026-01-12T16:46:26.073Z] [INFO] BLACKONN E-Commerce Server Started
Local:    http://localhost:3000
Bound to: 0.0.0.0:3000
External: http://10.217.90.20:3000
API:      http://localhost:3000/api
Health:   http://localhost:3000/api/health
Status:   Running in development mode
[2026-01-12T16:46:26.119Z] [INFO] 󰒄 WebSocket Server initialized and tied to HTTP server
[2026-01-12T16:46:26.175Z] [INFO] 󰚩 AI Engines initialized and healthy
[2026-01-12T16:46:49.043Z] [INFO] 🚀 [Python Bridge] Running ai_hub.py task: health
[2026-01-12T16:46:49.099Z] [INFO] BLACKONN E-Commerce Server Started
Local:    http://localhost:3000
Bound to: 0.0.0.0:3000
External: http://10.217.90.20:3000
API:      http://localhost:3000/api
Health:   http://localhost:3000/api/health
Status:   Running in development mode
[2026-01-12T16:46:49.131Z] [INFO] 󰒄 WebSocket Server initialized and tied to HTTP server
[2026-01-12T16:46:49.180Z] [INFO] 󰚩 AI Engines initialized and healthy
[2026-01-12T16:47:19.143Z] [INFO] 🚀 [Python Bridge] Running ai_hub.py task: realtime/metric
[2026-01-12T16:47:49.152Z] [INFO] 🚀 [Python Bridge] Running ai_hub.py task: realtime/metric
[2026-01-12T16:48:19.158Z] [INFO] 🚀 [Python Bridge] Running ai_hub.py task: realtime/metric
[2026-01-12T16:48:49.158Z] [INFO] 🚀 [Python Bridge] Running ai_hub.py task: realtime/metric
[2026-01-12T16:49:19.160Z] [INFO] 🚀 [Python Bridge] Running ai_hub.py task: realtime/metric
[2026-01-12T16:49:49.159Z] [INFO] 🚀 [Python Bridge] Running ai_hub.py task: realtime/metric
[2026-01-12T16:50:19.159Z] [INFO] 🚀 [Python Bridge] Running ai_hub.py task: realtime/metric
[2026-01-12T16:50:49.165Z] [INFO] 🚀 [Python Bridge] Running ai_hub.py task: realtime/metric
[2026-01-12T16:51:06.232Z] [INFO] 🚀 [Python Bridge] Running ai_hub.py task: health
[2026-01-12T16:51:06.259Z] [INFO] BLACKONN E-Commerce Server Started
Local:    http://localhost:3000
Bound to: 0.0.0.0:3000
External: http://10.217.90.20:3000
API:      http://localhost:3000/api
Health:   http://localhost:3000/api/health
Status:   Running in development mode
[2026-01-12T16:51:06.281Z] [INFO] 󰒄 WebSocket Server initialized and tied to HTTP server
[2026-01-12T16:51:06.323Z] [INFO] 󰚩 AI Engines initialized and healthy
[2026-01-12T16:51:36.281Z] [INFO] 🚀 [Python Bridge] Running ai_hub.py task: realtime/metric
[2026-01-12T16:52:06.308Z] [INFO] 🚀 [Python Bridge] Running ai_hub.py task: realtime/metric
[2026-01-12T16:52:36.309Z] [INFO] 🚀 [Python Bridge] Running ai_hub.py task: realtime/metric
[2026-01-12T16:53:06.309Z] [INFO] 🚀 [Python Bridge] Running ai_hub.py task: realtime/metric
[2026-01-12T16:53:15.916Z] [INFO] 🚀 [Python Bridge] Running ai_hub.py task: health
[2026-01-12T16:53:15.949Z] [INFO] BLACKONN E-Commerce Server Started
Local:    http://localhost:3000
Bound to: 0.0.0.0:3000
External: http://10.217.90.20:3000
API:      http://localhost:3000/api
Health:   http://localhost:3000/api/health
Status:   Running in development mode
[2026-01-12T16:53:15.971Z] [INFO] 󰒄 WebSocket Server initialized and tied to HTTP server
[2026-01-12T16:53:16.020Z] [INFO] 󰚩 AI Engines initialized and healthy
[2026-01-12T16:53:22.905Z] [INFO] 🚀 [Python Bridge] Running ai_hub.py task: health
[2026-01-12T16:53:22.946Z] [INFO] BLACKONN E-Commerce Server Started
Local:    http://localhost:3000
Bound to: 0.0.0.0:3000
External: http://10.217.90.20:3000
API:      http://localhost:3000/api
Health:   http://localhost:3000/api/health
Status:   Running in development mode
[2026-01-12T16:53:22.969Z] [INFO] 󰒄 WebSocket Server initialized and tied to HTTP server
[2026-01-12T16:53:23.037Z] [INFO] 󰚩 AI Engines initialized and healthy
[2026-01-12T16:53:52.971Z] [INFO] 🚀 [Python Bridge] Running ai_hub.py task: realtime/metric
[2026-01-12T16:53:57.905Z] [INFO] 🚀 [Python Bridge] Running ai_hub.py task: health
[2026-01-12T16:53:57.938Z] [INFO] BLACKONN E-Commerce Server Started
Local:    http://localhost:3000
Bound to: 0.0.0.0:3000
External: http://10.217.90.20:3000
API:      http://localhost:3000/api
Health:   http://localhost:3000/api/health
Status:   Running in development mode
[2026-01-12T16:53:57.960Z] [INFO] 󰒄 WebSocket Server initialized and tied to HTTP server
[2026-01-12T16:53:58.017Z] [INFO] 󰚩 AI Engines initialized and healthy
[2026-01-12T16:54:03.748Z] [INFO] 🚀 [Python Bridge] Running ai_hub.py task: health
[2026-01-12T16:54:03.781Z] [INFO] BLACKONN E-Commerce Server Started
Local:    http://localhost:3000
Bound to: 0.0.0.0:3000
External: http://10.217.90.20:3000
API:      http://localhost:3000/api
Health:   http://localhost:3000/api/health
Status:   Running in development mode
[2026-01-12T16:54:03.804Z] [INFO] 󰒄 WebSocket Server initialized and tied to HTTP server
[2026-01-12T16:54:03.856Z] [INFO] 󰚩 AI Engines initialized and healthy
[2026-01-12T16:54:11.791Z] [INFO] 🚀 [Python Bridge] Running ai_hub.py task: health
[2026-01-12T16:54:11.823Z] [INFO] BLACKONN E-Commerce Server Started
Local:    http://localhost:3000
Bound to: 0.0.0.0:3000
External: http://10.217.90.20:3000
API:      http://localhost:3000/api
Health:   http://localhost:3000/api/health
Status:   Running in development mode
[2026-01-12T16:54:11.845Z] [INFO] 󰒄 WebSocket Server initialized and tied to HTTP server
[2026-01-12T16:54:11.901Z] [INFO] 󰚩 AI Engines initialized and healthy
[2026-01-12T16:54:15.661Z] [INFO] 🚀 [Python Bridge] Running ai_hub.py task: health
[2026-01-12T16:54:15.689Z] [INFO] BLACKONN E-Commerce Server Started
Local:    http://localhost:3000
Bound to: 0.0.0.0:3000
External: http://10.217.90.20:3000
API:      http://localhost:3000/api
Health:   http://localhost:3000/api/health
Status:   Running in development mode
[2026-01-12T16:54:15.712Z] [INFO] 󰒄 WebSocket Server initialized and tied to HTTP server
[2026-01-12T16:54:15.749Z] [INFO] 󰚩 AI Engines initialized and healthy
[2026-01-12T16:54:45.727Z] [INFO] 🚀 [Python Bridge] Running ai_hub.py task: realtime/metric
[2026-01-12T16:55:15.744Z] [INFO] 🚀 [Python Bridge] Running ai_hub.py task: realtime/metric
[2026-01-12T16:55:45.750Z] [INFO] 🚀 [Python Bridge] Running ai_hub.py task: realtime/metric
[2026-01-12T16:56:15.757Z] [INFO] 🚀 [Python Bridge] Running ai_hub.py task: realtime/metric
[2026-01-12T16:56:45.757Z] [INFO] 🚀 [Python Bridge] Running ai_hub.py task: realtime/metric
[2026-01-12T16:57:12.567Z] [INFO] 🚀 [Python Bridge] Running ai_hub.py task: health
[2026-01-12T16:57:12.596Z] [INFO] BLACKONN E-Commerce Server Started
Local:    http://localhost:3000
Bound to: 0.0.0.0:3000
External: http://10.217.90.20:3000
API:      http://localhost:3000/api
Health:   http://localhost:3000/api/health
Status:   Running in development mode
[2026-01-12T16:57:12.616Z] [INFO] 󰒄 WebSocket Server initialized and tied to HTTP server
[2026-01-12T16:57:12.658Z] [INFO] 󰚩 AI Engines initialized and healthy
[2026-01-12T16:57:42.628Z] [INFO] 🚀 [Python Bridge] Running ai_hub.py task: realtime/metric
[2026-01-12T16:58:12.641Z] [INFO] 🚀 [Python Bridge] Running ai_hub.py task: realtime/metric
[2026-01-12T16:58:42.641Z] [INFO] 🚀 [Python Bridge] Running ai_hub.py task: realtime/metric
[2026-01-12T16:59:12.656Z] [INFO] 🚀 [Python Bridge] Running ai_hub.py task: realtime/metric
[2026-01-12T16:59:42.657Z] [INFO] 🚀 [Python Bridge] Running ai_hub.py task: realtime/metric
[2026-01-12T17:00:12.672Z] [INFO] 🚀 [Python Bridge] Running ai_hub.py task: realtime/metric
[2026-01-12T17:00:42.673Z] [INFO] 🚀 [Python Bridge] Running ai_hub.py task: realtime/metric
[2026-01-12T17:01:12.672Z] [INFO] 🚀 [Python Bridge] Running ai_hub.py task: realtime/metric
[2026-01-12T17:01:23.127Z] [INFO] 🚀 [Python Bridge] Running ai_hub.py task: health
[2026-01-12T17:01:23.212Z] [INFO] BLACKONN E-Commerce Server Started
Local:    http://localhost:3000
Bound to: 0.0.0.0:3000
External: http://10.217.90.20:3000
API:      http://localhost:3000/api
Health:   http://localhost:3000/api/health
Status:   Running in development mode
[2026-01-12T17:01:23.276Z] [INFO] 󰒄 WebSocket Server initialized and tied to HTTP server
[2026-01-12T17:01:23.646Z] [INFO] 󰚩 AI Engines initialized and healthy
[2026-01-12T17:01:40.774Z] [INFO] 🚀 [Python Bridge] Running ai_hub.py task: health
[2026-01-12T17:01:40.804Z] [INFO] BLACKONN E-Commerce Server Started
Local:    http://localhost:3000
Bound to: 0.0.0.0:3000
External: http://10.217.90.20:3000
API:      http://localhost:3000/api
Health:   http://localhost:3000/api/health
Status:   Running in development mode
[2026-01-12T17:01:40.824Z] [INFO] 󰒄 WebSocket Server initialized and tied to HTTP server
[2026-01-12T17:01:40.873Z] [INFO] 󰚩 AI Engines initialized and healthy
[2026-01-12T17:02:10.832Z] [INFO] 🚀 [Python Bridge] Running ai_hub.py task: realtime/metric
[2026-01-12T17:02:40.839Z] [INFO] 🚀 [Python Bridge] Running ai_hub.py task: realtime/metric
[2026-01-12T17:03:10.854Z] [INFO] 🚀 [Python Bridge] Running ai_hub.py task: realtime/metric
[2026-01-12T17:03:40.856Z] [INFO] 🚀 [Python Bridge] Running ai_hub.py task: realtime/metric
[2026-01-12T17:04:10.856Z] [INFO] 🚀 [Python Bridge] Running ai_hub.py task: realtime/metric
[2026-01-12T17:04:40.870Z] [INFO] 🚀 [Python Bridge] Running ai_hub.py task: realtime/metric
[2026-01-12T17:05:10.871Z] [INFO] 🚀 [Python Bridge] Running ai_hub.py task: realtime/metric
[2026-01-12T17:05:17.266Z] [INFO] 🚀 [Python Bridge] Running ai_hub.py task: health
[2026-01-12T17:05:17.311Z] [INFO] BLACKONN E-Commerce Server Started
Local:    http://localhost:3000
Bound to: 0.0.0.0:3000
External: http://10.217.90.20:3000
API:      http://localhost:3000/api
Health:   http://localhost:3000/api/health
Status:   Running in development mode
[2026-01-12T17:05:17.345Z] [INFO] 󰒄 WebSocket Server initialized and tied to HTTP server
[2026-01-12T17:05:17.419Z] [INFO] 󰚩 AI Engines initialized and healthy
[2026-01-12T17:05:47.348Z] [INFO] 🚀 [Python Bridge] Running ai_hub.py task: realtime/metric
[2026-01-12T17:05:53.750Z] [INFO] 🚀 [Python Bridge] Running ai_hub.py task: health
[2026-01-12T17:05:53.801Z] [INFO] BLACKONN E-Commerce Server Started
Local:    http://localhost:3000
Bound to: 0.0.0.0:3000
External: http://10.217.90.20:3000
API:      http://localhost:3000/api
Health:   http://localhost:3000/api/health
Status:   Running in development mode
[2026-01-12T17:05:53.841Z] [INFO] 󰒄 WebSocket Server initialized and tied to HTTP server
[2026-01-12T17:05:53.924Z] [INFO] 󰚩 AI Engines initialized and healthy
[2026-01-12T17:06:23.855Z] [INFO] 🚀 [Python Bridge] Running ai_hub.py task: realtime/metric
[2026-01-12T17:06:53.860Z] [INFO] 🚀 [Python Bridge] Running ai_hub.py task: realtime/metric
[2026-01-12T17:07:23.862Z] [INFO] 🚀 [Python Bridge] Running ai_hub.py task: realtime/metric
[2026-01-12T17:07:53.869Z] [INFO] 🚀 [Python Bridge] Running ai_hub.py task: realtime/metric
[2026-01-12T17:08:23.869Z] [INFO] 🚀 [Python Bridge] Running ai_hub.py task: realtime/metric
[2026-01-12T17:08:53.869Z] [INFO] 🚀 [Python Bridge] Running ai_hub.py task: realtime/metric
[2026-01-12T17:09:05.247Z] [INFO] 🚀 [Python Bridge] Running ai_hub.py task: health
[2026-01-12T17:09:05.287Z] [INFO] BLACKONN E-Commerce Server Started
Local:    http://localhost:3000
Bound to: 0.0.0.0:3000
External: http://10.217.90.20:3000
API:      http://localhost:3000/api
Health:   http://localhost:3000/api/health
Status:   Running in development mode
[2026-01-12T17:09:05.320Z] [INFO] 󰒄 WebSocket Server initialized and tied to HTTP server
[2026-01-12T17:09:05.386Z] [INFO] 󰚩 AI Engines initialized and healthy
[2026-01-12T17:09:35.336Z] [INFO] 🚀 [Python Bridge] Running ai_hub.py task: realtime/metric
[2026-01-12T17:10:05.350Z] [INFO] 🚀 [Python Bridge] Running ai_hub.py task: realtime/metric
[2026-01-12T17:10:35.353Z] [INFO] 🚀 [Python Bridge] Running ai_hub.py task: realtime/metric
[2026-01-12T17:11:05.356Z] [INFO] 🚀 [Python Bridge] Running ai_hub.py task: realtime/metric
[2026-01-12T17:11:35.362Z] [INFO] 🚀 [Python Bridge] Running ai_hub.py task: realtime/metric
[2026-01-12T17:12:05.369Z] [INFO] 🚀 [Python Bridge] Running ai_hub.py task: realtime/metric
[2026-01-12T17:12:32.128Z] [INFO] 🚀 [Python Bridge] Running ai_hub.py task: health
[2026-01-12T17:12:32.179Z] [INFO] BLACKONN E-Commerce Server Started
Local:    http://localhost:3000
Bound to: 0.0.0.0:3000
External: http://10.217.90.20:3000
API:      http://localhost:3000/api
Health:   http://localhost:3000/api/health
Status:   Running in development mode
[2026-01-12T17:12:32.219Z] [INFO] 󰒄 WebSocket Server initialized and tied to HTTP server
[2026-01-12T17:12:32.321Z] [INFO] 󰚩 AI Engines initialized and healthy
[2026-01-12T17:13:02.221Z] [INFO] 🚀 [Python Bridge] Running ai_hub.py task: realtime/metric
[2026-01-12T17:13:32.248Z] [INFO] 🚀 [Python Bridge] Running ai_hub.py task: realtime/metric
[2026-01-12T17:14:02.251Z] [INFO] 🚀 [Python Bridge] Running ai_hub.py task: realtime/metric
[2026-01-12T17:14:32.261Z] [INFO] 🚀 [Python Bridge] Running ai_hub.py task: realtime/metric
[2026-01-12T17:15:02.269Z] [INFO] 🚀 [Python Bridge] Running ai_hub.py task: realtime/metric
[2026-01-12T17:15:32.269Z] [INFO] 🚀 [Python Bridge] Running ai_hub.py task: realtime/metric
[2026-01-12T17:16:02.276Z] [INFO] 🚀 [Python Bridge] Running ai_hub.py task: realtime/metric
[2026-01-12T17:16:15.659Z] [INFO] 🚀 [Python Bridge] Running ai_hub.py task: health
[2026-01-12T17:16:15.715Z] [INFO] BLACKONN E-Commerce Server Started
Local:    http://localhost:3000
Bound to: 0.0.0.0:3000
External: http://10.217.90.20:3000
API:      http://localhost:3000/api
Health:   http://localhost:3000/api/health
Status:   Running in development mode
[2026-01-12T17:16:15.754Z] [INFO] 󰒄 WebSocket Server initialized and tied to HTTP server
[2026-01-12T17:16:15.867Z] [INFO] 󰚩 AI Engines initialized and healthy
[2026-01-12T17:16:45.768Z] [INFO] 🚀 [Python Bridge] Running ai_hub.py task: realtime/metric
[2026-01-12T17:17:15.782Z] [INFO] 🚀 [Python Bridge] Running ai_hub.py task: realtime/metric
[2026-01-12T17:17:45.786Z] [INFO] 🚀 [Python Bridge] Running ai_hub.py task: realtime/metric
[2026-01-12T17:18:00.286Z] [INFO] 🚀 [Python Bridge] Running ai_hub.py task: health
[2026-01-12T17:18:00.359Z] [INFO] BLACKONN E-Commerce Server Started
Local:    http://localhost:3000
Bound to: 0.0.0.0:3000
External: http://10.217.90.20:3000
API:      http://localhost:3000/api
Health:   http://localhost:3000/api/health
Status:   Running in development mode
[2026-01-12T17:18:00.408Z] [INFO] 󰒄 WebSocket Server initialized and tied to HTTP server
[2026-01-12T17:18:00.489Z] [INFO] 󰚩 AI Engines initialized and healthy
[2026-01-12T17:18:25.729Z] [INFO] 🚀 [Python Bridge] Running ai_hub.py task: health
[2026-01-12T17:18:25.766Z] [INFO] BLACKONN E-Commerce Server Started
Local:    http://localhost:3000
Bound to: 0.0.0.0:3000
External: http://10.217.90.20:3000
API:      http://localhost:3000/api
Health:   http://localhost:3000/api/health
Status:   Running in development mode
[2026-01-12T17:18:25.799Z] [INFO] 󰒄 WebSocket Server initialized and tied to HTTP server
[2026-01-12T17:18:25.868Z] [INFO] 󰚩 AI Engines initialized and healthy
[2026-01-12T17:18:44.046Z] [INFO] 🚀 [Python Bridge] Running ai_hub.py task: health
[2026-01-12T17:18:44.110Z] [INFO] BLACKONN E-Commerce Server Started
Local:    http://localhost:3000
Bound to: 0.0.0.0:3000
External: http://10.217.90.20:3000
API:      http://localhost:3000/api
Health:   http://localhost:3000/api/health
Status:   Running in development mode
[2026-01-12T17:18:44.150Z] [INFO] 󰒄 WebSocket Server initialized and tied to HTTP server
[2026-01-12T17:18:44.334Z] [INFO] 󰚩 AI Engines initialized and healthy
[2026-01-12T17:18:59.973Z] [INFO] 🚀 [Python Bridge] Running ai_hub.py task: health
[2026-01-12T17:19:00.021Z] [INFO] BLACKONN E-Commerce Server Started
Local:    http://localhost:3000
Bound to: 0.0.0.0:3000
External: http://10.217.90.20:3000
API:      http://localhost:3000/api
Health:   http://localhost:3000/api/health
Status:   Running in development mode
[2026-01-12T17:19:00.051Z] [INFO] 󰒄 WebSocket Server initialized and tied to HTTP server
[2026-01-12T17:19:00.119Z] [INFO] 󰚩 AI Engines initialized and healthy
